{"C:\\Users\\xxguai\\Desktop\\SEProject26-7\\frontend\\src\\components\\layout\\PageShell.tsx": {"path":"C:\\Users\\xxguai\\Desktop\\SEProject26-7\\frontend\\src\\components\\layout\\PageShell.tsx","statementMap":{"0":{"start":{"line":11,"column":2},"end":{"line":54,"column":null}}},"fnMap":{"0":{"name":"PageShell","decl":{"start":{"line":10,"column":24},"end":{"line":10,"column":34}},"loc":{"start":{"line":10,"column":93},"end":{"line":56,"column":null}},"line":10}},"branchMap":{"0":{"loc":{"start":{"line":36,"column":11},"end":{"line":44,"column":null}},"type":"binary-expr","locations":[{"start":{"line":36,"column":11},"end":{"line":36,"column":null}},{"start":{"line":37,"column":12},"end":{"line":44,"column":null}}],"line":36},"1":{"loc":{"start":{"line":45,"column":9},"end":{"line":50,"column":null}},"type":"binary-expr","locations":[{"start":{"line":45,"column":9},"end":{"line":45,"column":null}},{"start":{"line":46,"column":10},"end":{"line":50,"column":null}}],"line":45}},"s":{"0":89},"f":{"0":89},"b":{"0":[89,89],"1":[89,40]},"meta":{"lastBranch":2,"lastFunction":1,"lastStatement":1,"seen":{"f:10:24:10:34":0,"s:11:2:54:Infinity":0,"b:36:11:36:Infinity:37:12:44:Infinity":0,"b:45:9:45:Infinity:46:10:50:Infinity":1},"fnNames":{}}}
,"C:\\Users\\xxguai\\Desktop\\SEProject26-7\\frontend\\src\\config\\BaseConfig.tsx": {"path":"C:\\Users\\xxguai\\Desktop\\SEProject26-7\\frontend\\src\\config\\BaseConfig.tsx","statementMap":{"0":{"start":{"line":2,"column":34},"end":{"line":2,"column":null}},"1":{"start":{"line":5,"column":39},"end":{"line":5,"column":null}},"2":{"start":{"line":11,"column":39},"end":{"line":11,"column":null}}},"fnMap":{},"branchMap":{},"s":{"0":1,"1":1,"2":1},"f":{},"b":{},"meta":{"lastBranch":0,"lastFunction":0,"lastStatement":3,"seen":{"s:2:34:2:Infinity":0,"s:5:39:5:Infinity":1,"s:11:39:11:Infinity":2},"fnNames":{}}}
,"C:\\Users\\xxguai\\Desktop\\SEProject26-7\\frontend\\src\\pages\\Chat.tsx": {"path":"C:\\Users\\xxguai\\Desktop\\SEProject26-7\\frontend\\src\\pages\\Chat.tsx","statementMap":{"0":{"start":{"line":7,"column":35},"end":{"line":7,"column":null}},"1":{"start":{"line":8,"column":21},"end":{"line":8,"column":null}},"2":{"start":{"line":11,"column":16},"end":{"line":11,"column":null}},"3":{"start":{"line":12,"column":19},"end":{"line":12,"column":null}},"4":{"start":{"line":13,"column":9},"end":{"line":13,"column":null}},"5":{"start":{"line":15,"column":26},"end":{"line":19,"column":null}},"6":{"start":{"line":21,"column":8},"end":{"line":30,"column":null}},"7":{"start":{"line":22,"column":4},"end":{"line":22,"column":null}},"8":{"start":{"line":22,"column":23},"end":{"line":22,"column":null}},"9":{"start":{"line":23,"column":24},"end":{"line":23,"column":null}},"10":{"start":{"line":24,"column":4},"end":{"line":28,"column":null}},"11":{"start":{"line":24,"column":26},"end":{"line":28,"column":5}},"12":{"start":{"line":29,"column":4},"end":{"line":29,"column":null}},"13":{"start":{"line":32,"column":8},"end":{"line":37,"column":null}},"14":{"start":{"line":33,"column":4},"end":{"line":36,"column":null}},"15":{"start":{"line":34,"column":6},"end":{"line":34,"column":null}},"16":{"start":{"line":35,"column":6},"end":{"line":35,"column":null}},"17":{"start":{"line":39,"column":8},"end":{"line":41,"column":null}},"18":{"start":{"line":40,"column":4},"end":{"line":40,"column":null}},"19":{"start":{"line":43,"column":23},"end":{"line":43,"column":null}},"20":{"start":{"line":45,"column":2},"end":{"line":160,"column":null}},"21":{"start":{"line":82,"column":18},"end":{"line":94,"column":null}},"22":{"start":{"line":91,"column":35},"end":{"line":91,"column":null}},"23":{"start":{"line":101,"column":16},"end":{"line":121,"column":null}},"24":{"start":{"line":136,"column":31},"end":{"line":136,"column":null}}},"fnMap":{"0":{"name":"Chat","decl":{"start":{"line":10,"column":24},"end":{"line":10,"column":31}},"loc":{"start":{"line":10,"column":31},"end":{"line":162,"column":null}},"line":10},"1":{"name":"(anonymous_1)","decl":{"start":{"line":21,"column":21},"end":{"line":21,"column":39}},"loc":{"start":{"line":21,"column":39},"end":{"line":30,"column":5}},"line":21},"2":{"name":"(anonymous_2)","decl":{"start":{"line":24,"column":4},"end":{"line":24,"column":17}},"loc":{"start":{"line":24,"column":26},"end":{"line":28,"column":5}},"line":24},"3":{"name":"(anonymous_3)","decl":{"start":{"line":32,"column":8},"end":{"line":32,"column":25}},"loc":{"start":{"line":32,"column":73},"end":{"line":37,"column":null}},"line":32},"4":{"name":"(anonymous_4)","decl":{"start":{"line":39,"column":8},"end":{"line":39,"column":29}},"loc":{"start":{"line":39,"column":43},"end":{"line":41,"column":null}},"line":39},"5":{"name":"(anonymous_5)","decl":{"start":{"line":81,"column":33},"end":{"line":81,"column":38}},"loc":{"start":{"line":82,"column":18},"end":{"line":94,"column":null}},"line":82},"6":{"name":"(anonymous_6)","decl":{"start":{"line":91,"column":20},"end":{"line":91,"column":35}},"loc":{"start":{"line":91,"column":35},"end":{"line":91,"column":null}},"line":91},"7":{"name":"(anonymous_7)","decl":{"start":{"line":100,"column":24},"end":{"line":100,"column":29}},"loc":{"start":{"line":101,"column":16},"end":{"line":121,"column":null}},"line":101},"8":{"name":"(anonymous_8)","decl":{"start":{"line":136,"column":14},"end":{"line":136,"column":25}},"loc":{"start":{"line":136,"column":31},"end":{"line":136,"column":null}},"line":136}},"branchMap":{"0":{"loc":{"start":{"line":22,"column":4},"end":{"line":22,"column":null}},"type":"if","locations":[{"start":{"line":22,"column":4},"end":{"line":22,"column":null}},{"start":{},"end":{}}],"line":22},"1":{"loc":{"start":{"line":33,"column":4},"end":{"line":36,"column":null}},"type":"if","locations":[{"start":{"line":33,"column":4},"end":{"line":36,"column":null}},{"start":{},"end":{}}],"line":33},"2":{"loc":{"start":{"line":33,"column":8},"end":{"line":33,"column":42}},"type":"binary-expr","locations":[{"start":{"line":33,"column":8},"end":{"line":33,"column":29}},{"start":{"line":33,"column":29},"end":{"line":33,"column":42}}],"line":33},"3":{"loc":{"start":{"line":51,"column":7},"end":{"line":63,"column":7}},"type":"binary-expr","locations":[{"start":{"line":51,"column":7},"end":{"line":51,"column":null}},{"start":{"line":52,"column":8},"end":{"line":63,"column":7}}],"line":51},"4":{"loc":{"start":{"line":75,"column":11},"end":{"line":123,"column":null}},"type":"cond-expr","locations":[{"start":{"line":76,"column":12},"end":{"line":99,"column":13}},{"start":{"line":99,"column":12},"end":{"line":123,"column":null}}],"line":75},"5":{"loc":{"start":{"line":105,"column":36},"end":{"line":105,"column":null}},"type":"cond-expr","locations":[{"start":{"line":105,"column":58},"end":{"line":105,"column":71}},{"start":{"line":105,"column":71},"end":{"line":105,"column":null}}],"line":105},"6":{"loc":{"start":{"line":113,"column":34},"end":{"line":113,"column":null}},"type":"cond-expr","locations":[{"start":{"line":113,"column":56},"end":{"line":113,"column":68}},{"start":{"line":113,"column":68},"end":{"line":113,"column":null}}],"line":113},"7":{"loc":{"start":{"line":114,"column":29},"end":{"line":114,"column":null}},"type":"cond-expr","locations":[{"start":{"line":114,"column":51},"end":{"line":114,"column":60}},{"start":{"line":114,"column":60},"end":{"line":114,"column":null}}],"line":114}},"s":{"0":1,"1":1,"2":49,"3":49,"4":49,"5":49,"6":49,"7":11,"8":0,"9":11,"10":11,"11":11,"12":11,"13":49,"14":2,"15":1,"16":1,"17":49,"18":2,"19":49,"20":49,"21":111,"22":2,"23":26,"24":14},"f":{"0":49,"1":11,"2":11,"3":2,"4":2,"5":111,"6":2,"7":26,"8":14},"b":{"0":[0,11],"1":[1,1],"2":[2,2],"3":[49,0],"4":[37,12],"5":[13,13],"6":[13,13],"7":[13,13]},"meta":{"lastBranch":8,"lastFunction":9,"lastStatement":25,"seen":{"s:7:35:7:Infinity":0,"s:8:21:8:Infinity":1,"f:10:24:10:31":0,"s:11:16:11:Infinity":2,"s:12:19:12:Infinity":3,"s:13:9:13:Infinity":4,"s:15:26:19:Infinity":5,"s:21:8:30:Infinity":6,"f:21:21:21:39":1,"b:22:4:22:Infinity:undefined:undefined:undefined:undefined":0,"s:22:4:22:Infinity":7,"s:22:23:22:Infinity":8,"s:23:24:23:Infinity":9,"s:24:4:28:Infinity":10,"f:24:4:24:17":2,"s:24:26:28:5":11,"s:29:4:29:Infinity":12,"s:32:8:37:Infinity":13,"f:32:8:32:25":3,"b:33:4:36:Infinity:undefined:undefined:undefined:undefined":1,"s:33:4:36:Infinity":14,"b:33:8:33:29:33:29:33:42":2,"s:34:6:34:Infinity":15,"s:35:6:35:Infinity":16,"s:39:8:41:Infinity":17,"f:39:8:39:29":4,"s:40:4:40:Infinity":18,"s:43:23:43:Infinity":19,"s:45:2:160:Infinity":20,"b:51:7:51:Infinity:52:8:63:7":3,"b:76:12:99:13:99:12:123:Infinity":4,"f:81:33:81:38":5,"s:82:18:94:Infinity":21,"f:91:20:91:35":6,"s:91:35:91:Infinity":22,"f:100:24:100:29":7,"s:101:16:121:Infinity":23,"b:105:58:105:71:105:71:105:Infinity":5,"b:113:56:113:68:113:68:113:Infinity":6,"b:114:51:114:60:114:60:114:Infinity":7,"f:136:14:136:25":8,"s:136:31:136:Infinity":24},"fnNames":{}}}
,"C:\\Users\\xxguai\\Desktop\\SEProject26-7\\frontend\\src\\pages\\Login.tsx": {"path":"C:\\Users\\xxguai\\Desktop\\SEProject26-7\\frontend\\src\\pages\\Login.tsx","statementMap":{"0":{"start":{"line":8,"column":9},"end":{"line":8,"column":null}},"1":{"start":{"line":9,"column":16},"end":{"line":9,"column":null}},"2":{"start":{"line":11,"column":2},"end":{"line":13,"column":null}},"3":{"start":{"line":12,"column":4},"end":{"line":12,"column":null}},"4":{"start":{"line":15,"column":2},"end":{"line":56,"column":null}}},"fnMap":{"0":{"name":"Login","decl":{"start":{"line":7,"column":24},"end":{"line":7,"column":32}},"loc":{"start":{"line":7,"column":32},"end":{"line":58,"column":null}},"line":7}},"branchMap":{"0":{"loc":{"start":{"line":11,"column":2},"end":{"line":13,"column":null}},"type":"if","locations":[{"start":{"line":11,"column":2},"end":{"line":13,"column":null}},{"start":{},"end":{}}],"line":11},"1":{"loc":{"start":{"line":34,"column":11},"end":{"line":35,"column":null}},"type":"binary-expr","locations":[{"start":{"line":34,"column":11},"end":{"line":34,"column":null}},{"start":{"line":35,"column":12},"end":{"line":35,"column":null}}],"line":34}},"s":{"0":16,"1":16,"2":16,"3":3,"4":13},"f":{"0":16},"b":{"0":[3,13],"1":[13,2]},"meta":{"lastBranch":2,"lastFunction":1,"lastStatement":5,"seen":{"f:7:24:7:32":0,"s:8:9:8:Infinity":0,"s:9:16:9:Infinity":1,"b:11:2:13:Infinity:undefined:undefined:undefined:undefined":0,"s:11:2:13:Infinity":2,"s:12:4:12:Infinity":3,"s:15:2:56:Infinity":4,"b:34:11:34:Infinity:35:12:35:Infinity":1},"fnNames":{}}}
,"C:\\Users\\xxguai\\Desktop\\SEProject26-7\\frontend\\src\\pages\\OAuthSuccess.tsx": {"path":"C:\\Users\\xxguai\\Desktop\\SEProject26-7\\frontend\\src\\pages\\OAuthSuccess.tsx","statementMap":{"0":{"start":{"line":7,"column":9},"end":{"line":7,"column":null}},"1":{"start":{"line":8,"column":8},"end":{"line":8,"column":null}},"2":{"start":{"line":10,"column":2},"end":{"line":21,"column":null}},"3":{"start":{"line":11,"column":18},"end":{"line":11,"column":null}},"4":{"start":{"line":12,"column":21},"end":{"line":12,"column":null}},"5":{"start":{"line":14,"column":4},"end":{"line":18,"column":null}},"6":{"start":{"line":15,"column":6},"end":{"line":15,"column":null}},"7":{"start":{"line":16,"column":6},"end":{"line":16,"column":null}},"8":{"start":{"line":17,"column":6},"end":{"line":17,"column":null}},"9":{"start":{"line":20,"column":4},"end":{"line":20,"column":null}},"10":{"start":{"line":23,"column":2},"end":{"line":29,"column":null}}},"fnMap":{"0":{"name":"OAuthSuccess","decl":{"start":{"line":6,"column":24},"end":{"line":6,"column":39}},"loc":{"start":{"line":6,"column":39},"end":{"line":31,"column":null}},"line":6},"1":{"name":"(anonymous_1)","decl":{"start":{"line":10,"column":2},"end":{"line":10,"column":18}},"loc":{"start":{"line":10,"column":18},"end":{"line":21,"column":5}},"line":10}},"branchMap":{"0":{"loc":{"start":{"line":14,"column":4},"end":{"line":18,"column":null}},"type":"if","locations":[{"start":{"line":14,"column":4},"end":{"line":18,"column":null}},{"start":{},"end":{}}],"line":14},"1":{"loc":{"start":{"line":14,"column":8},"end":{"line":14,"column":27}},"type":"binary-expr","locations":[{"start":{"line":14,"column":8},"end":{"line":14,"column":17}},{"start":{"line":14,"column":17},"end":{"line":14,"column":27}}],"line":14}},"s":{"0":3,"1":3,"2":3,"3":3,"4":3,"5":3,"6":2,"7":2,"8":2,"9":1,"10":3},"f":{"0":3,"1":3},"b":{"0":[2,1],"1":[3,2]},"meta":{"lastBranch":2,"lastFunction":2,"lastStatement":11,"seen":{"f:6:24:6:39":0,"s:7:9:7:Infinity":0,"s:8:8:8:Infinity":1,"s:10:2:21:Infinity":2,"f:10:2:10:18":1,"s:11:18:11:Infinity":3,"s:12:21:12:Infinity":4,"b:14:4:18:Infinity:undefined:undefined:undefined:undefined":0,"s:14:4:18:Infinity":5,"b:14:8:14:17:14:17:14:27":1,"s:15:6:15:Infinity":6,"s:16:6:16:Infinity":7,"s:17:6:17:Infinity":8,"s:20:4:20:Infinity":9,"s:23:2:29:Infinity":10},"fnNames":{}}}
,"C:\\Users\\xxguai\\Desktop\\SEProject26-7\\frontend\\src\\pages\\RepoList.tsx": {"path":"C:\\Users\\xxguai\\Desktop\\SEProject26-7\\frontend\\src\\pages\\RepoList.tsx","statementMap":{"0":{"start":{"line":9,"column":35},"end":{"line":9,"column":null}},"1":{"start":{"line":11,"column":69},"end":{"line":15,"column":null}},"2":{"start":{"line":18,"column":8},"end":{"line":18,"column":null}},"3":{"start":{"line":19,"column":59},"end":{"line":19,"column":null}},"4":{"start":{"line":20,"column":16},"end":{"line":20,"column":null}},"5":{"start":{"line":21,"column":18},"end":{"line":21,"column":null}},"6":{"start":{"line":23,"column":8},"end":{"line":30,"column":null}},"7":{"start":{"line":24,"column":4},"end":{"line":24,"column":null}},"8":{"start":{"line":25,"column":4},"end":{"line":29,"column":null}},"9":{"start":{"line":26,"column":6},"end":{"line":26,"column":null}},"10":{"start":{"line":28,"column":6},"end":{"line":28,"column":null}},"11":{"start":{"line":32,"column":8},"end":{"line":43,"column":null}},"12":{"start":{"line":33,"column":4},"end":{"line":42,"column":null}},"13":{"start":{"line":35,"column":8},"end":{"line":35,"column":null}},"14":{"start":{"line":37,"column":8},"end":{"line":37,"column":null}},"15":{"start":{"line":39,"column":8},"end":{"line":39,"column":null}},"16":{"start":{"line":41,"column":8},"end":{"line":41,"column":null}},"17":{"start":{"line":45,"column":2},"end":{"line":177,"column":null}},"18":{"start":{"line":70,"column":12},"end":{"line":173,"column":null}},"19":{"start":{"line":89,"column":37},"end":{"line":89,"column":null}},"20":{"start":{"line":153,"column":35},"end":{"line":153,"column":null}}},"fnMap":{"0":{"name":"RepoList","decl":{"start":{"line":17,"column":24},"end":{"line":17,"column":35}},"loc":{"start":{"line":17,"column":35},"end":{"line":179,"column":null}},"line":17},"1":{"name":"(anonymous_1)","decl":{"start":{"line":23,"column":32},"end":{"line":23,"column":44}},"loc":{"start":{"line":23,"column":44},"end":{"line":30,"column":5}},"line":23},"2":{"name":"(anonymous_2)","decl":{"start":{"line":32,"column":8},"end":{"line":32,"column":32}},"loc":{"start":{"line":32,"column":59},"end":{"line":43,"column":null}},"line":32},"3":{"name":"(anonymous_3)","decl":{"start":{"line":69,"column":20},"end":{"line":69,"column":25}},"loc":{"start":{"line":70,"column":12},"end":{"line":173,"column":null}},"line":70},"4":{"name":"(anonymous_4)","decl":{"start":{"line":89,"column":22},"end":{"line":89,"column":37}},"loc":{"start":{"line":89,"column":37},"end":{"line":89,"column":null}},"line":89},"5":{"name":"(anonymous_5)","decl":{"start":{"line":153,"column":20},"end":{"line":153,"column":35}},"loc":{"start":{"line":153,"column":35},"end":{"line":153,"column":null}},"line":153}},"branchMap":{"0":{"loc":{"start":{"line":21,"column":18},"end":{"line":21,"column":null}},"type":"binary-expr","locations":[{"start":{"line":21,"column":18},"end":{"line":21,"column":39}},{"start":{"line":21,"column":39},"end":{"line":21,"column":null}}],"line":21},"1":{"loc":{"start":{"line":28,"column":15},"end":{"line":28,"column":60}},"type":"cond-expr","locations":[{"start":{"line":28,"column":38},"end":{"line":28,"column":52}},{"start":{"line":28,"column":52},"end":{"line":28,"column":60}}],"line":28},"2":{"loc":{"start":{"line":33,"column":4},"end":{"line":42,"column":null}},"type":"switch","locations":[{"start":{"line":34,"column":6},"end":{"line":35,"column":null}},{"start":{"line":36,"column":6},"end":{"line":37,"column":null}},{"start":{"line":38,"column":6},"end":{"line":39,"column":null}},{"start":{"line":40,"column":6},"end":{"line":41,"column":null}}],"line":33},"3":{"loc":{"start":{"line":55,"column":7},"end":{"line":57,"column":null}},"type":"binary-expr","locations":[{"start":{"line":55,"column":7},"end":{"line":55,"column":16}},{"start":{"line":55,"column":16},"end":{"line":57,"column":null}}],"line":55},"4":{"loc":{"start":{"line":57,"column":7},"end":{"line":177,"column":null}},"type":"cond-expr","locations":[{"start":{"line":58,"column":8},"end":{"line":62,"column":19}},{"start":{"line":62,"column":10},"end":{"line":177,"column":null}}],"line":57},"5":{"loc":{"start":{"line":62,"column":10},"end":{"line":177,"column":null}},"type":"cond-expr","locations":[{"start":{"line":63,"column":8},"end":{"line":65,"column":null}},{"start":{"line":68,"column":8},"end":{"line":177,"column":null}}],"line":62},"6":{"loc":{"start":{"line":95,"column":29},"end":{"line":95,"column":null}},"type":"binary-expr","locations":[{"start":{"line":95,"column":29},"end":{"line":95,"column":68}},{"start":{"line":95,"column":68},"end":{"line":95,"column":null}}],"line":95},"7":{"loc":{"start":{"line":98,"column":23},"end":{"line":98,"column":null}},"type":"binary-expr","locations":[{"start":{"line":98,"column":23},"end":{"line":98,"column":61}},{"start":{"line":98,"column":61},"end":{"line":98,"column":null}}],"line":98},"8":{"loc":{"start":{"line":101,"column":21},"end":{"line":104,"column":null}},"type":"binary-expr","locations":[{"start":{"line":101,"column":21},"end":{"line":101,"column":null}},{"start":{"line":102,"column":22},"end":{"line":104,"column":null}}],"line":101},"9":{"loc":{"start":{"line":113,"column":21},"end":{"line":113,"column":null}},"type":"binary-expr","locations":[{"start":{"line":113,"column":21},"end":{"line":113,"column":41}},{"start":{"line":113,"column":41},"end":{"line":113,"column":null}}],"line":113},"10":{"loc":{"start":{"line":117,"column":21},"end":{"line":129,"column":null}},"type":"binary-expr","locations":[{"start":{"line":117,"column":21},"end":{"line":117,"column":38}},{"start":{"line":117,"column":38},"end":{"line":117,"column":null}},{"start":{"line":118,"column":22},"end":{"line":129,"column":null}}],"line":117},"11":{"loc":{"start":{"line":142,"column":21},"end":{"line":143,"column":null}},"type":"binary-expr","locations":[{"start":{"line":142,"column":21},"end":{"line":142,"column":null}},{"start":{"line":143,"column":22},"end":{"line":143,"column":null}}],"line":142},"12":{"loc":{"start":{"line":159,"column":19},"end":{"line":171,"column":null}},"type":"binary-expr","locations":[{"start":{"line":159,"column":19},"end":{"line":159,"column":null}},{"start":{"line":160,"column":20},"end":{"line":171,"column":null}}],"line":159}},"s":{"0":1,"1":1,"2":43,"3":43,"4":43,"5":43,"6":43,"7":5,"8":5,"9":5,"10":3,"11":43,"12":66,"13":34,"14":2,"15":29,"16":1,"17":43,"18":66,"19":1,"20":1},"f":{"0":43,"1":5,"2":66,"3":66,"4":1,"5":1},"b":{"0":[43,41],"1":[2,1],"2":[34,2,29,1],"3":[43,6],"4":[4,39],"5":[2,37],"6":[66,1],"7":[66,1],"8":[66,29],"9":[66,1],"10":[66,66,65],"11":[66,65],"12":[66,65]},"meta":{"lastBranch":13,"lastFunction":6,"lastStatement":21,"seen":{"s:9:35:9:Infinity":0,"s:11:69:15:Infinity":1,"f:17:24:17:35":0,"s:18:8:18:Infinity":2,"s:19:59:19:Infinity":3,"s:20:16:20:Infinity":4,"s:21:18:21:Infinity":5,"b:21:18:21:39:21:39:21:Infinity":0,"s:23:8:30:Infinity":6,"f:23:32:23:44":1,"s:24:4:24:Infinity":7,"s:25:4:29:Infinity":8,"s:26:6:26:Infinity":9,"s:28:6:28:Infinity":10,"b:28:38:28:52:28:52:28:60":1,"s:32:8:43:Infinity":11,"f:32:8:32:32":2,"b:34:6:35:Infinity:36:6:37:Infinity:38:6:39:Infinity:40:6:41:Infinity":2,"s:33:4:42:Infinity":12,"s:35:8:35:Infinity":13,"s:37:8:37:Infinity":14,"s:39:8:39:Infinity":15,"s:41:8:41:Infinity":16,"s:45:2:177:Infinity":17,"b:55:7:55:16:55:16:57:Infinity":3,"b:58:8:62:19:62:10:177:Infinity":4,"b:63:8:65:Infinity:68:8:177:Infinity":5,"f:69:20:69:25":3,"s:70:12:173:Infinity":18,"f:89:22:89:37":4,"s:89:37:89:Infinity":19,"b:95:29:95:68:95:68:95:Infinity":6,"b:98:23:98:61:98:61:98:Infinity":7,"b:101:21:101:Infinity:102:22:104:Infinity":8,"b:113:21:113:41:113:41:113:Infinity":9,"b:117:21:117:38:117:38:117:Infinity:118:22:129:Infinity":10,"b:142:21:142:Infinity:143:22:143:Infinity":11,"f:153:20:153:35":5,"s:153:35:153:Infinity":20,"b:159:19:159:Infinity:160:20:171:Infinity":12},"fnNames":{}}}
,"C:\\Users\\xxguai\\Desktop\\SEProject26-7\\frontend\\src\\pages\\admin\\AdminLogin.tsx": {"path":"C:\\Users\\xxguai\\Desktop\\SEProject26-7\\frontend\\src\\pages\\admin\\AdminLogin.tsx","statementMap":{"0":{"start":{"line":13,"column":16},"end":{"line":13,"column":null}},"1":{"start":{"line":14,"column":18},"end":{"line":14,"column":null}},"2":{"start":{"line":15,"column":8},"end":{"line":15,"column":null}},"3":{"start":{"line":17,"column":2},"end":{"line":19,"column":null}},"4":{"start":{"line":18,"column":4},"end":{"line":18,"column":null}},"5":{"start":{"line":21,"column":19},"end":{"line":37,"column":null}},"6":{"start":{"line":22,"column":4},"end":{"line":22,"column":null}},"7":{"start":{"line":23,"column":4},"end":{"line":23,"column":null}},"8":{"start":{"line":24,"column":4},"end":{"line":36,"column":null}},"9":{"start":{"line":25,"column":21},"end":{"line":25,"column":null}},"10":{"start":{"line":26,"column":6},"end":{"line":29,"column":null}},"11":{"start":{"line":27,"column":8},"end":{"line":27,"column":null}},"12":{"start":{"line":28,"column":8},"end":{"line":28,"column":null}},"13":{"start":{"line":30,"column":6},"end":{"line":33,"column":null}},"14":{"start":{"line":30,"column":44},"end":{"line":30,"column":null}},"15":{"start":{"line":31,"column":11},"end":{"line":33,"column":null}},"16":{"start":{"line":31,"column":43},"end":{"line":31,"column":null}},"17":{"start":{"line":32,"column":11},"end":{"line":33,"column":null}},"18":{"start":{"line":32,"column":56},"end":{"line":32,"column":null}},"19":{"start":{"line":33,"column":11},"end":{"line":33,"column":null}},"20":{"start":{"line":33,"column":44},"end":{"line":33,"column":null}},"21":{"start":{"line":35,"column":6},"end":{"line":35,"column":null}},"22":{"start":{"line":39,"column":2},"end":{"line":90,"column":null}}},"fnMap":{"0":{"name":"AdminLogin","decl":{"start":{"line":12,"column":24},"end":{"line":12,"column":37}},"loc":{"start":{"line":12,"column":37},"end":{"line":92,"column":null}},"line":12},"1":{"name":"(anonymous_1)","decl":{"start":{"line":21,"column":19},"end":{"line":21,"column":26}},"loc":{"start":{"line":21,"column":77},"end":{"line":37,"column":null}},"line":21}},"branchMap":{"0":{"loc":{"start":{"line":17,"column":2},"end":{"line":19,"column":null}},"type":"if","locations":[{"start":{"line":17,"column":2},"end":{"line":19,"column":null}},{"start":{},"end":{}}],"line":17},"1":{"loc":{"start":{"line":26,"column":6},"end":{"line":29,"column":null}},"type":"if","locations":[{"start":{"line":26,"column":6},"end":{"line":29,"column":null}},{"start":{},"end":{}}],"line":26},"2":{"loc":{"start":{"line":30,"column":6},"end":{"line":33,"column":null}},"type":"if","locations":[{"start":{"line":30,"column":6},"end":{"line":33,"column":null}},{"start":{"line":31,"column":11},"end":{"line":33,"column":null}}],"line":30},"3":{"loc":{"start":{"line":31,"column":11},"end":{"line":33,"column":null}},"type":"if","locations":[{"start":{"line":31,"column":11},"end":{"line":33,"column":null}},{"start":{"line":32,"column":11},"end":{"line":33,"column":null}}],"line":31},"4":{"loc":{"start":{"line":32,"column":11},"end":{"line":33,"column":null}},"type":"if","locations":[{"start":{"line":32,"column":11},"end":{"line":33,"column":null}},{"start":{"line":33,"column":11},"end":{"line":33,"column":null}}],"line":32},"5":{"loc":{"start":{"line":33,"column":11},"end":{"line":33,"column":null}},"type":"if","locations":[{"start":{"line":33,"column":11},"end":{"line":33,"column":null}},{"start":{},"end":{}}],"line":33},"6":{"loc":{"start":{"line":51,"column":11},"end":{"line":58,"column":null}},"type":"binary-expr","locations":[{"start":{"line":51,"column":11},"end":{"line":51,"column":null}},{"start":{"line":52,"column":12},"end":{"line":58,"column":null}}],"line":51},"7":{"loc":{"start":{"line":61,"column":11},"end":{"line":61,"column":null}},"type":"binary-expr","locations":[{"start":{"line":61,"column":11},"end":{"line":61,"column":20}},{"start":{"line":61,"column":20},"end":{"line":61,"column":null}}],"line":61},"8":{"loc":{"start":{"line":74,"column":24},"end":{"line":74,"column":null}},"type":"binary-expr","locations":[{"start":{"line":74,"column":24},"end":{"line":74,"column":35}},{"start":{"line":74,"column":35},"end":{"line":74,"column":null}}],"line":74},"9":{"loc":{"start":{"line":76,"column":15},"end":{"line":76,"column":null}},"type":"cond-expr","locations":[{"start":{"line":76,"column":25},"end":{"line":76,"column":34}},{"start":{"line":76,"column":34},"end":{"line":76,"column":null}}],"line":76}},"s":{"0":39,"1":39,"2":39,"3":39,"4":2,"5":37,"6":7,"7":7,"8":7,"9":7,"10":6,"11":1,"12":1,"13":5,"14":1,"15":4,"16":1,"17":3,"18":1,"19":2,"20":1,"21":6,"22":37},"f":{"0":39,"1":7},"b":{"0":[2,37],"1":[1,5],"2":[1,4],"3":[1,3],"4":[1,2],"5":[1,1],"6":[37,6],"7":[39,4],"8":[39,36],"9":[1,36]},"meta":{"lastBranch":10,"lastFunction":2,"lastStatement":23,"seen":{"f:12:24:12:37":0,"s:13:16:13:Infinity":0,"s:14:18:14:Infinity":1,"s:15:8:15:Infinity":2,"b:17:2:19:Infinity:undefined:undefined:undefined:undefined":0,"s:17:2:19:Infinity":3,"s:18:4:18:Infinity":4,"s:21:19:37:Infinity":5,"f:21:19:21:26":1,"s:22:4:22:Infinity":6,"s:23:4:23:Infinity":7,"s:24:4:36:Infinity":8,"s:25:21:25:Infinity":9,"b:26:6:29:Infinity:undefined:undefined:undefined:undefined":1,"s:26:6:29:Infinity":10,"s:27:8:27:Infinity":11,"s:28:8:28:Infinity":12,"b:30:6:33:Infinity:31:11:33:Infinity":2,"s:30:6:33:Infinity":13,"s:30:44:30:Infinity":14,"b:31:11:33:Infinity:32:11:33:Infinity":3,"s:31:11:33:Infinity":15,"s:31:43:31:Infinity":16,"b:32:11:33:Infinity:33:11:33:Infinity":4,"s:32:11:33:Infinity":17,"s:32:56:32:Infinity":18,"b:33:11:33:Infinity:undefined:undefined:undefined:undefined":5,"s:33:11:33:Infinity":19,"s:33:44:33:Infinity":20,"s:35:6:35:Infinity":21,"s:39:2:90:Infinity":22,"b:51:11:51:Infinity:52:12:58:Infinity":6,"b:61:11:61:20:61:20:61:Infinity":7,"b:74:24:74:35:74:35:74:Infinity":8,"b:76:25:76:34:76:34:76:Infinity":9},"fnNames":{}}}
}
