{"C:\\Users\\ASUS\\Projects\\SEProject26-7\\frontend\\src\\components\\layout\\PageShell.tsx": {"path":"C:\\Users\\ASUS\\Projects\\SEProject26-7\\frontend\\src\\components\\layout\\PageShell.tsx","statementMap":{"0":{"start":{"line":11,"column":2},"end":{"line":54,"column":null}}},"fnMap":{"0":{"name":"PageShell","decl":{"start":{"line":10,"column":24},"end":{"line":10,"column":34}},"loc":{"start":{"line":10,"column":93},"end":{"line":56,"column":null}},"line":10}},"branchMap":{"0":{"loc":{"start":{"line":36,"column":11},"end":{"line":44,"column":null}},"type":"binary-expr","locations":[{"start":{"line":36,"column":11},"end":{"line":36,"column":null}},{"start":{"line":37,"column":12},"end":{"line":44,"column":null}}],"line":36},"1":{"loc":{"start":{"line":45,"column":9},"end":{"line":50,"column":null}},"type":"binary-expr","locations":[{"start":{"line":45,"column":9},"end":{"line":45,"column":null}},{"start":{"line":46,"column":10},"end":{"line":50,"column":null}}],"line":45}},"s":{"0":212},"f":{"0":212},"b":{"0":[212,212],"1":[212,212]},"meta":{"lastBranch":2,"lastFunction":1,"lastStatement":1,"seen":{"f:10:24:10:34":0,"s:11:2:54:Infinity":0,"b:36:11:36:Infinity:37:12:44:Infinity":0,"b:45:9:45:Infinity:46:10:50:Infinity":1},"fnNames":{}}}
,"C:\\Users\\ASUS\\Projects\\SEProject26-7\\frontend\\src\\config\\BaseConfig.tsx": {"path":"C:\\Users\\ASUS\\Projects\\SEProject26-7\\frontend\\src\\config\\BaseConfig.tsx","statementMap":{"0":{"start":{"line":2,"column":34},"end":{"line":2,"column":null}},"1":{"start":{"line":5,"column":39},"end":{"line":5,"column":null}},"2":{"start":{"line":11,"column":39},"end":{"line":11,"column":null}}},"fnMap":{},"branchMap":{},"s":{"0":2,"1":2,"2":2},"f":{},"b":{},"meta":{"lastBranch":0,"lastFunction":0,"lastStatement":3,"seen":{"s:2:34:2:Infinity":0,"s:5:39:5:Infinity":1,"s:11:39:11:Infinity":2},"fnNames":{}}}
,"C:\\Users\\ASUS\\Projects\\SEProject26-7\\frontend\\src\\lib\\chatSessionStore.ts": {"path":"C:\\Users\\ASUS\\Projects\\SEProject26-7\\frontend\\src\\lib\\chatSessionStore.ts","statementMap":{"0":{"start":{"line":27,"column":23},"end":{"line":27,"column":null}},"1":{"start":{"line":28,"column":17},"end":{"line":28,"column":null}},"2":{"start":{"line":30,"column":41},"end":{"line":37,"column":null}},"3":{"start":{"line":40,"column":2},"end":{"line":40,"column":null}},"4":{"start":{"line":44,"column":2},"end":{"line":53,"column":null}},"5":{"start":{"line":45,"column":16},"end":{"line":45,"column":null}},"6":{"start":{"line":46,"column":4},"end":{"line":46,"column":null}},"7":{"start":{"line":46,"column":14},"end":{"line":46,"column":null}},"8":{"start":{"line":47,"column":19},"end":{"line":47,"column":null}},"9":{"start":{"line":48,"column":4},"end":{"line":50,"column":null}},"10":{"start":{"line":49,"column":27},"end":{"line":49,"column":54}},"11":{"start":{"line":52,"column":4},"end":{"line":52,"column":null}},"12":{"start":{"line":57,"column":2},"end":{"line":62,"column":null}},"13":{"start":{"line":58,"column":19},"end":{"line":58,"column":null}},"14":{"start":{"line":58,"column":40},"end":{"line":58,"column":67}},"15":{"start":{"line":59,"column":4},"end":{"line":59,"column":null}},"16":{"start":{"line":66,"column":2},"end":{"line":73,"column":null}},"17":{"start":{"line":77,"column":16},"end":{"line":77,"column":null}},"18":{"start":{"line":78,"column":2},"end":{"line":93,"column":null}},"19":{"start":{"line":79,"column":21},"end":{"line":79,"column":null}},"20":{"start":{"line":80,"column":4},"end":{"line":90,"column":null}},"21":{"start":{"line":91,"column":4},"end":{"line":91,"column":null}},"22":{"start":{"line":92,"column":4},"end":{"line":92,"column":null}},"23":{"start":{"line":94,"column":2},"end":{"line":94,"column":null}},"24":{"start":{"line":98,"column":2},"end":{"line":98,"column":null}},"25":{"start":{"line":99,"column":2},"end":{"line":99,"column":null}},"26":{"start":{"line":99,"column":36},"end":{"line":99,"column":40}},"27":{"start":{"line":103,"column":18},"end":{"line":103,"column":null}},"28":{"start":{"line":104,"column":2},"end":{"line":116,"column":null}},"29":{"start":{"line":111,"column":22},"end":{"line":111,"column":null}},"30":{"start":{"line":112,"column":4},"end":{"line":115,"column":null}},"31":{"start":{"line":113,"column":6},"end":{"line":113,"column":null}},"32":{"start":{"line":114,"column":6},"end":{"line":114,"column":null}},"33":{"start":{"line":117,"column":2},"end":{"line":117,"column":null}},"34":{"start":{"line":121,"column":2},"end":{"line":121,"column":null}},"35":{"start":{"line":125,"column":12},"end":{"line":125,"column":null}},"36":{"start":{"line":126,"column":2},"end":{"line":126,"column":null}},"37":{"start":{"line":127,"column":2},"end":{"line":129,"column":null}},"38":{"start":{"line":128,"column":4},"end":{"line":128,"column":null}},"39":{"start":{"line":133,"column":12},"end":{"line":133,"column":null}},"40":{"start":{"line":134,"column":2},"end":{"line":137,"column":null}},"41":{"start":{"line":135,"column":4},"end":{"line":135,"column":null}},"42":{"start":{"line":136,"column":4},"end":{"line":136,"column":null}},"43":{"start":{"line":138,"column":2},"end":{"line":138,"column":null}},"44":{"start":{"line":138,"column":35},"end":{"line":138,"column":null}},"45":{"start":{"line":139,"column":2},"end":{"line":139,"column":null}},"46":{"start":{"line":139,"column":41},"end":{"line":139,"column":null}},"47":{"start":{"line":140,"column":2},"end":{"line":140,"column":null}},"48":{"start":{"line":140,"column":46},"end":{"line":140,"column":null}},"49":{"start":{"line":141,"column":2},"end":{"line":141,"column":null}},"50":{"start":{"line":141,"column":33},"end":{"line":141,"column":null}},"51":{"start":{"line":142,"column":2},"end":{"line":142,"column":null}},"52":{"start":{"line":149,"column":12},"end":{"line":149,"column":null}},"53":{"start":{"line":150,"column":2},"end":{"line":150,"column":null}},"54":{"start":{"line":151,"column":2},"end":{"line":151,"column":null}},"55":{"start":{"line":152,"column":2},"end":{"line":152,"column":null}},"56":{"start":{"line":156,"column":12},"end":{"line":156,"column":null}},"57":{"start":{"line":157,"column":2},"end":{"line":157,"column":null}},"58":{"start":{"line":158,"column":21},"end":{"line":158,"column":null}},"59":{"start":{"line":159,"column":2},"end":{"line":159,"column":null}},"60":{"start":{"line":160,"column":2},"end":{"line":160,"column":null}},"61":{"start":{"line":161,"column":2},"end":{"line":161,"column":null}},"62":{"start":{"line":162,"column":2},"end":{"line":162,"column":null}},"63":{"start":{"line":163,"column":2},"end":{"line":163,"column":null}},"64":{"start":{"line":164,"column":2},"end":{"line":164,"column":null}},"65":{"start":{"line":165,"column":2},"end":{"line":165,"column":null}},"66":{"start":{"line":169,"column":2},"end":{"line":169,"column":null}},"67":{"start":{"line":173,"column":12},"end":{"line":173,"column":null}},"68":{"start":{"line":174,"column":2},"end":{"line":174,"column":null}},"69":{"start":{"line":174,"column":28},"end":{"line":174,"column":null}},"70":{"start":{"line":175,"column":2},"end":{"line":175,"column":null}},"71":{"start":{"line":176,"column":2},"end":{"line":176,"column":null}},"72":{"start":{"line":177,"column":2},"end":{"line":177,"column":null}},"73":{"start":{"line":178,"column":2},"end":{"line":180,"column":null}},"74":{"start":{"line":179,"column":4},"end":{"line":179,"column":null}},"75":{"start":{"line":181,"column":2},"end":{"line":181,"column":null}},"76":{"start":{"line":181,"column":38},"end":{"line":181,"column":65}},"77":{"start":{"line":182,"column":2},"end":{"line":182,"column":null}},"78":{"start":{"line":183,"column":2},"end":{"line":183,"column":null}},"79":{"start":{"line":187,"column":12},"end":{"line":187,"column":null}},"80":{"start":{"line":188,"column":2},"end":{"line":188,"column":null}},"81":{"start":{"line":189,"column":2},"end":{"line":189,"column":null}},"82":{"start":{"line":190,"column":2},"end":{"line":190,"column":null}},"83":{"start":{"line":191,"column":2},"end":{"line":191,"column":null}},"84":{"start":{"line":192,"column":2},"end":{"line":192,"column":null}},"85":{"start":{"line":192,"column":38},"end":{"line":192,"column":65}},"86":{"start":{"line":193,"column":2},"end":{"line":193,"column":null}},"87":{"start":{"line":194,"column":2},"end":{"line":194,"column":null}},"88":{"start":{"line":198,"column":2},"end":{"line":198,"column":null}},"89":{"start":{"line":199,"column":12},"end":{"line":199,"column":null}},"90":{"start":{"line":200,"column":2},"end":{"line":200,"column":null}},"91":{"start":{"line":201,"column":2},"end":{"line":201,"column":null}},"92":{"start":{"line":202,"column":2},"end":{"line":202,"column":null}},"93":{"start":{"line":203,"column":2},"end":{"line":203,"column":null}},"94":{"start":{"line":204,"column":2},"end":{"line":208,"column":null}},"95":{"start":{"line":205,"column":4},"end":{"line":205,"column":null}},"96":{"start":{"line":209,"column":2},"end":{"line":209,"column":null}}},"fnMap":{"0":{"name":"storageKey","decl":{"start":{"line":39,"column":9},"end":{"line":39,"column":20}},"loc":{"start":{"line":39,"column":36},"end":{"line":41,"column":null}},"line":39},"1":{"name":"loadPersisted","decl":{"start":{"line":43,"column":9},"end":{"line":43,"column":23}},"loc":{"start":{"line":43,"column":54},"end":{"line":54,"column":null}},"line":43},"2":{"name":"(anonymous_2)","decl":{"start":{"line":49,"column":15},"end":{"line":49,"column":20}},"loc":{"start":{"line":49,"column":27},"end":{"line":49,"column":54}},"line":49},"3":{"name":"persist","decl":{"start":{"line":56,"column":9},"end":{"line":56,"column":17}},"loc":{"start":{"line":56,"column":58},"end":{"line":63,"column":null}},"line":56},"4":{"name":"(anonymous_4)","decl":{"start":{"line":58,"column":28},"end":{"line":58,"column":33}},"loc":{"start":{"line":58,"column":40},"end":{"line":58,"column":67}},"line":58},"5":{"name":"refreshSnapshot","decl":{"start":{"line":65,"column":9},"end":{"line":65,"column":25}},"loc":{"start":{"line":65,"column":43},"end":{"line":74,"column":null}},"line":65},"6":{"name":"ensure","decl":{"start":{"line":76,"column":9},"end":{"line":76,"column":16}},"loc":{"start":{"line":76,"column":41},"end":{"line":95,"column":null}},"line":76},"7":{"name":"notify","decl":{"start":{"line":97,"column":9},"end":{"line":97,"column":16}},"loc":{"start":{"line":97,"column":34},"end":{"line":100,"column":null}},"line":97},"8":{"name":"(anonymous_8)","decl":{"start":{"line":99,"column":20},"end":{"line":99,"column":29}},"loc":{"start":{"line":99,"column":36},"end":{"line":99,"column":40}},"line":99},"9":{"name":"getOrHydrateSession","decl":{"start":{"line":102,"column":9},"end":{"line":102,"column":29}},"loc":{"start":{"line":102,"column":54},"end":{"line":118,"column":null}},"line":102},"10":{"name":"getChatSession","decl":{"start":{"line":120,"column":16},"end":{"line":120,"column":31}},"loc":{"start":{"line":120,"column":65},"end":{"line":122,"column":null}},"line":120},"11":{"name":"subscribeChatSession","decl":{"start":{"line":124,"column":16},"end":{"line":124,"column":37}},"loc":{"start":{"line":124,"column":85},"end":{"line":130,"column":null}},"line":124},"12":{"name":"(anonymous_12)","decl":{"start":{"line":127,"column":2},"end":{"line":127,"column":15}},"loc":{"start":{"line":127,"column":15},"end":{"line":129,"column":null}},"line":127},"13":{"name":"patchChatSession","decl":{"start":{"line":132,"column":16},"end":{"line":132,"column":33}},"loc":{"start":{"line":132,"column":83},"end":{"line":143,"column":null}},"line":132},"14":{"name":"updateChatMessages","decl":{"start":{"line":145,"column":16},"end":{"line":145,"column":null}},"loc":{"start":{"line":148,"column":2},"end":{"line":153,"column":null}},"line":148},"15":{"name":"beginChatRequest","decl":{"start":{"line":155,"column":16},"end":{"line":155,"column":33}},"loc":{"start":{"line":155,"column":95},"end":{"line":166,"column":null}},"line":155},"16":{"name":"isCurrentChatRequest","decl":{"start":{"line":168,"column":16},"end":{"line":168,"column":37}},"loc":{"start":{"line":168,"column":66},"end":{"line":170,"column":null}},"line":168},"17":{"name":"endChatRequest","decl":{"start":{"line":172,"column":16},"end":{"line":172,"column":31}},"loc":{"start":{"line":172,"column":92},"end":{"line":184,"column":null}},"line":172},"18":{"name":"(anonymous_18)","decl":{"start":{"line":181,"column":26},"end":{"line":181,"column":31}},"loc":{"start":{"line":181,"column":38},"end":{"line":181,"column":65}},"line":181},"19":{"name":"abortChatRequest","decl":{"start":{"line":186,"column":16},"end":{"line":186,"column":33}},"loc":{"start":{"line":186,"column":49},"end":{"line":195,"column":null}},"line":186},"20":{"name":"(anonymous_20)","decl":{"start":{"line":192,"column":26},"end":{"line":192,"column":31}},"loc":{"start":{"line":192,"column":38},"end":{"line":192,"column":65}},"line":192},"21":{"name":"clearChatSession","decl":{"start":{"line":197,"column":16},"end":{"line":197,"column":33}},"loc":{"start":{"line":197,"column":49},"end":{"line":210,"column":null}},"line":197}},"branchMap":{"0":{"loc":{"start":{"line":46,"column":4},"end":{"line":46,"column":null}},"type":"if","locations":[{"start":{"line":46,"column":4},"end":{"line":46,"column":null}},{"start":{},"end":{}}],"line":46},"1":{"loc":{"start":{"line":48,"column":11},"end":{"line":50,"column":null}},"type":"cond-expr","locations":[{"start":{"line":49,"column":8},"end":{"line":49,"column":null}},{"start":{"line":50,"column":8},"end":{"line":50,"column":null}}],"line":48},"2":{"loc":{"start":{"line":78,"column":2},"end":{"line":93,"column":null}},"type":"if","locations":[{"start":{"line":78,"column":2},"end":{"line":93,"column":null}},{"start":{},"end":{}}],"line":78},"3":{"loc":{"start":{"line":79,"column":21},"end":{"line":79,"column":null}},"type":"cond-expr","locations":[{"start":{"line":79,"column":45},"end":{"line":79,"column":50}},{"start":{"line":79,"column":50},"end":{"line":79,"column":null}}],"line":79},"4":{"loc":{"start":{"line":104,"column":2},"end":{"line":116,"column":null}},"type":"if","locations":[{"start":{"line":104,"column":2},"end":{"line":116,"column":null}},{"start":{},"end":{}}],"line":104},"5":{"loc":{"start":{"line":105,"column":4},"end":{"line":109,"column":null}},"type":"binary-expr","locations":[{"start":{"line":105,"column":4},"end":{"line":105,"column":null}},{"start":{"line":106,"column":4},"end":{"line":106,"column":null}},{"start":{"line":107,"column":4},"end":{"line":107,"column":null}},{"start":{"line":108,"column":4},"end":{"line":108,"column":null}},{"start":{"line":109,"column":4},"end":{"line":109,"column":null}}],"line":105},"6":{"loc":{"start":{"line":112,"column":4},"end":{"line":115,"column":null}},"type":"if","locations":[{"start":{"line":112,"column":4},"end":{"line":115,"column":null}},{"start":{},"end":{}}],"line":112},"7":{"loc":{"start":{"line":134,"column":2},"end":{"line":137,"column":null}},"type":"if","locations":[{"start":{"line":134,"column":2},"end":{"line":137,"column":null}},{"start":{},"end":{}}],"line":134},"8":{"loc":{"start":{"line":138,"column":2},"end":{"line":138,"column":null}},"type":"if","locations":[{"start":{"line":138,"column":2},"end":{"line":138,"column":null}},{"start":{},"end":{}}],"line":138},"9":{"loc":{"start":{"line":139,"column":2},"end":{"line":139,"column":null}},"type":"if","locations":[{"start":{"line":139,"column":2},"end":{"line":139,"column":null}},{"start":{},"end":{}}],"line":139},"10":{"loc":{"start":{"line":140,"column":2},"end":{"line":140,"column":null}},"type":"if","locations":[{"start":{"line":140,"column":2},"end":{"line":140,"column":null}},{"start":{},"end":{}}],"line":140},"11":{"loc":{"start":{"line":141,"column":2},"end":{"line":141,"column":null}},"type":"if","locations":[{"start":{"line":141,"column":2},"end":{"line":141,"column":null}},{"start":{},"end":{}}],"line":141},"12":{"loc":{"start":{"line":174,"column":2},"end":{"line":174,"column":null}},"type":"if","locations":[{"start":{"line":174,"column":2},"end":{"line":174,"column":null}},{"start":{},"end":{}}],"line":174},"13":{"loc":{"start":{"line":178,"column":2},"end":{"line":180,"column":null}},"type":"if","locations":[{"start":{"line":178,"column":2},"end":{"line":180,"column":null}},{"start":{},"end":{}}],"line":178}},"s":{"0":2,"1":2,"2":2,"3":739,"4":166,"5":166,"6":166,"7":160,"8":6,"9":6,"10":1,"11":1,"12":335,"13":335,"14":220,"15":335,"16":662,"17":1534,"18":1534,"19":5,"20":5,"21":5,"22":5,"23":1534,"24":656,"25":656,"26":211,"27":671,"28":671,"29":163,"30":163,"31":1,"32":1,"33":671,"34":671,"35":174,"36":174,"37":174,"38":173,"39":66,"40":66,"41":13,"42":13,"43":66,"44":1,"45":66,"46":4,"47":66,"48":2,"49":66,"50":48,"51":66,"52":59,"53":59,"54":59,"55":59,"56":30,"57":30,"58":30,"59":30,"60":30,"61":30,"62":30,"63":30,"64":30,"65":30,"66":32,"67":24,"68":24,"69":1,"70":23,"71":23,"72":23,"73":23,"74":20,"75":23,"76":37,"77":23,"78":23,"79":240,"80":240,"81":240,"82":240,"83":240,"84":240,"85":64,"86":240,"87":240,"88":238,"89":238,"90":238,"91":238,"92":238,"93":238,"94":238,"95":238,"96":238},"f":{"0":739,"1":166,"2":1,"3":335,"4":220,"5":662,"6":1534,"7":656,"8":211,"9":671,"10":671,"11":174,"12":173,"13":66,"14":59,"15":30,"16":32,"17":24,"18":37,"19":240,"20":64,"21":238},"b":{"0":[160,6],"1":[4,1],"2":[5,1529],"3":[2,3],"4":[163,508],"5":[671,631,293,185,163],"6":[1,162],"7":[13,53],"8":[1,65],"9":[4,62],"10":[2,64],"11":[48,18],"12":[1,23],"13":[20,3]},"meta":{"lastBranch":14,"lastFunction":22,"lastStatement":97,"seen":{"s:27:23:27:Infinity":0,"s:28:17:28:Infinity":1,"s:30:41:37:Infinity":2,"f:39:9:39:20":0,"s:40:2:40:Infinity":3,"f:43:9:43:23":1,"s:44:2:53:Infinity":4,"s:45:16:45:Infinity":5,"b:46:4:46:Infinity:undefined:undefined:undefined:undefined":0,"s:46:4:46:Infinity":6,"s:46:14:46:Infinity":7,"s:47:19:47:Infinity":8,"s:48:4:50:Infinity":9,"b:49:8:49:Infinity:50:8:50:Infinity":1,"f:49:15:49:20":2,"s:49:27:49:54":10,"s:52:4:52:Infinity":11,"f:56:9:56:17":3,"s:57:2:62:Infinity":12,"s:58:19:58:Infinity":13,"f:58:28:58:33":4,"s:58:40:58:67":14,"s:59:4:59:Infinity":15,"f:65:9:65:25":5,"s:66:2:73:Infinity":16,"f:76:9:76:16":6,"s:77:16:77:Infinity":17,"b:78:2:93:Infinity:undefined:undefined:undefined:undefined":2,"s:78:2:93:Infinity":18,"s:79:21:79:Infinity":19,"b:79:45:79:50:79:50:79:Infinity":3,"s:80:4:90:Infinity":20,"s:91:4:91:Infinity":21,"s:92:4:92:Infinity":22,"s:94:2:94:Infinity":23,"f:97:9:97:16":7,"s:98:2:98:Infinity":24,"s:99:2:99:Infinity":25,"f:99:20:99:29":8,"s:99:36:99:40":26,"f:102:9:102:29":9,"s:103:18:103:Infinity":27,"b:104:2:116:Infinity:undefined:undefined:undefined:undefined":4,"s:104:2:116:Infinity":28,"b:105:4:105:Infinity:106:4:106:Infinity:107:4:107:Infinity:108:4:108:Infinity:109:4:109:Infinity":5,"s:111:22:111:Infinity":29,"b:112:4:115:Infinity:undefined:undefined:undefined:undefined":6,"s:112:4:115:Infinity":30,"s:113:6:113:Infinity":31,"s:114:6:114:Infinity":32,"s:117:2:117:Infinity":33,"f:120:16:120:31":10,"s:121:2:121:Infinity":34,"f:124:16:124:37":11,"s:125:12:125:Infinity":35,"s:126:2:126:Infinity":36,"s:127:2:129:Infinity":37,"f:127:2:127:15":12,"s:128:4:128:Infinity":38,"f:132:16:132:33":13,"s:133:12:133:Infinity":39,"b:134:2:137:Infinity:undefined:undefined:undefined:undefined":7,"s:134:2:137:Infinity":40,"s:135:4:135:Infinity":41,"s:136:4:136:Infinity":42,"b:138:2:138:Infinity:undefined:undefined:undefined:undefined":8,"s:138:2:138:Infinity":43,"s:138:35:138:Infinity":44,"b:139:2:139:Infinity:undefined:undefined:undefined:undefined":9,"s:139:2:139:Infinity":45,"s:139:41:139:Infinity":46,"b:140:2:140:Infinity:undefined:undefined:undefined:undefined":10,"s:140:2:140:Infinity":47,"s:140:46:140:Infinity":48,"b:141:2:141:Infinity:undefined:undefined:undefined:undefined":11,"s:141:2:141:Infinity":49,"s:141:33:141:Infinity":50,"s:142:2:142:Infinity":51,"f:145:16:145:Infinity":14,"s:149:12:149:Infinity":52,"s:150:2:150:Infinity":53,"s:151:2:151:Infinity":54,"s:152:2:152:Infinity":55,"f:155:16:155:33":15,"s:156:12:156:Infinity":56,"s:157:2:157:Infinity":57,"s:158:21:158:Infinity":58,"s:159:2:159:Infinity":59,"s:160:2:160:Infinity":60,"s:161:2:161:Infinity":61,"s:162:2:162:Infinity":62,"s:163:2:163:Infinity":63,"s:164:2:164:Infinity":64,"s:165:2:165:Infinity":65,"f:168:16:168:37":16,"s:169:2:169:Infinity":66,"f:172:16:172:31":17,"s:173:12:173:Infinity":67,"b:174:2:174:Infinity:undefined:undefined:undefined:undefined":12,"s:174:2:174:Infinity":68,"s:174:28:174:Infinity":69,"s:175:2:175:Infinity":70,"s:176:2:176:Infinity":71,"s:177:2:177:Infinity":72,"b:178:2:180:Infinity:undefined:undefined:undefined:undefined":13,"s:178:2:180:Infinity":73,"s:179:4:179:Infinity":74,"s:181:2:181:Infinity":75,"f:181:26:181:31":18,"s:181:38:181:65":76,"s:182:2:182:Infinity":77,"s:183:2:183:Infinity":78,"f:186:16:186:33":19,"s:187:12:187:Infinity":79,"s:188:2:188:Infinity":80,"s:189:2:189:Infinity":81,"s:190:2:190:Infinity":82,"s:191:2:191:Infinity":83,"s:192:2:192:Infinity":84,"f:192:26:192:31":20,"s:192:38:192:65":85,"s:193:2:193:Infinity":86,"s:194:2:194:Infinity":87,"f:197:16:197:33":21,"s:198:2:198:Infinity":88,"s:199:12:199:Infinity":89,"s:200:2:200:Infinity":90,"s:201:2:201:Infinity":91,"s:202:2:202:Infinity":92,"s:203:2:203:Infinity":93,"s:204:2:208:Infinity":94,"s:205:4:205:Infinity":95,"s:209:2:209:Infinity":96},"fnNames":{}}}
,"C:\\Users\\ASUS\\Projects\\SEProject26-7\\frontend\\src\\pages\\Chat.tsx": {"path":"C:\\Users\\ASUS\\Projects\\SEProject26-7\\frontend\\src\\pages\\Chat.tsx","statementMap":{"0":{"start":{"line":26,"column":35},"end":{"line":26,"column":null}},"1":{"start":{"line":28,"column":25},"end":{"line":32,"column":null}},"2":{"start":{"line":34,"column":18},"end":{"line":38,"column":null}},"3":{"start":{"line":40,"column":78},"end":{"line":44,"column":null}},"4":{"start":{"line":46,"column":45},"end":{"line":55,"column":null}},"5":{"start":{"line":58,"column":2},"end":{"line":58,"column":null}},"6":{"start":{"line":58,"column":15},"end":{"line":58,"column":null}},"7":{"start":{"line":59,"column":2},"end":{"line":63,"column":null}},"8":{"start":{"line":62,"column":19},"end":{"line":62,"column":45}},"9":{"start":{"line":66,"column":28},"end":{"line":66,"column":null}},"10":{"start":{"line":69,"column":13},"end":{"line":69,"column":null}},"11":{"start":{"line":70,"column":2},"end":{"line":74,"column":null}},"12":{"start":{"line":71,"column":5},"end":{"line":71,"column":null}},"13":{"start":{"line":71,"column":61},"end":{"line":72,"column":null}},"14":{"start":{"line":72,"column":27},"end":{"line":73,"column":null}},"15":{"start":{"line":78,"column":2},"end":{"line":82,"column":null}},"16":{"start":{"line":79,"column":4},"end":{"line":79,"column":null}},"17":{"start":{"line":81,"column":4},"end":{"line":81,"column":null}},"18":{"start":{"line":86,"column":2},"end":{"line":86,"column":null}},"19":{"start":{"line":86,"column":32},"end":{"line":86,"column":null}},"20":{"start":{"line":87,"column":2},"end":{"line":89,"column":null}},"21":{"start":{"line":88,"column":4},"end":{"line":88,"column":null}},"22":{"start":{"line":90,"column":2},"end":{"line":90,"column":null}},"23":{"start":{"line":94,"column":41},"end":{"line":94,"column":null}},"24":{"start":{"line":95,"column":18},"end":{"line":95,"column":null}},"25":{"start":{"line":96,"column":21},"end":{"line":96,"column":null}},"26":{"start":{"line":97,"column":21},"end":{"line":97,"column":null}},"27":{"start":{"line":98,"column":25},"end":{"line":98,"column":null}},"28":{"start":{"line":99,"column":24},"end":{"line":104,"column":null}},"29":{"start":{"line":105,"column":22},"end":{"line":105,"column":null}},"30":{"start":{"line":106,"column":8},"end":{"line":106,"column":null}},"31":{"start":{"line":108,"column":2},"end":{"line":112,"column":null}},"32":{"start":{"line":109,"column":4},"end":{"line":111,"column":null}},"33":{"start":{"line":110,"column":31},"end":{"line":110,"column":73}},"34":{"start":{"line":111,"column":19},"end":{"line":111,"column":39}},"35":{"start":{"line":114,"column":2},"end":{"line":140,"column":null}},"36":{"start":{"line":115,"column":4},"end":{"line":119,"column":null}},"37":{"start":{"line":116,"column":6},"end":{"line":116,"column":null}},"38":{"start":{"line":117,"column":6},"end":{"line":117,"column":null}},"39":{"start":{"line":118,"column":6},"end":{"line":118,"column":null}},"40":{"start":{"line":120,"column":4},"end":{"line":139,"column":null}},"41":{"start":{"line":122,"column":23},"end":{"line":122,"column":null}},"42":{"start":{"line":123,"column":22},"end":{"line":123,"column":null}},"43":{"start":{"line":124,"column":23},"end":{"line":124,"column":null}},"44":{"start":{"line":125,"column":22},"end":{"line":125,"column":null}},"45":{"start":{"line":126,"column":23},"end":{"line":126,"column":null}},"46":{"start":{"line":127,"column":22},"end":{"line":127,"column":null}},"47":{"start":{"line":128,"column":8},"end":{"line":128,"column":null}},"48":{"start":{"line":129,"column":8},"end":{"line":134,"column":null}},"49":{"start":{"line":137,"column":8},"end":{"line":137,"column":null}},"50":{"start":{"line":138,"column":8},"end":{"line":138,"column":null}},"51":{"start":{"line":142,"column":2},"end":{"line":144,"column":null}},"52":{"start":{"line":143,"column":4},"end":{"line":143,"column":null}},"53":{"start":{"line":146,"column":8},"end":{"line":164,"column":null}},"54":{"start":{"line":147,"column":4},"end":{"line":147,"column":null}},"55":{"start":{"line":147,"column":24},"end":{"line":147,"column":null}},"56":{"start":{"line":148,"column":4},"end":{"line":163,"column":null}},"57":{"start":{"line":149,"column":6},"end":{"line":151,"column":null}},"58":{"start":{"line":149,"column":27},"end":{"line":149,"column":44}},"59":{"start":{"line":150,"column":8},"end":{"line":150,"column":null}},"60":{"start":{"line":150,"column":32},"end":{"line":150,"column":75}},"61":{"start":{"line":152,"column":6},"end":{"line":162,"column":null}},"62":{"start":{"line":166,"column":20},"end":{"line":349,"column":null}},"63":{"start":{"line":167,"column":20},"end":{"line":167,"column":null}},"64":{"start":{"line":168,"column":4},"end":{"line":168,"column":null}},"65":{"start":{"line":168,"column":55},"end":{"line":168,"column":null}},"66":{"start":{"line":169,"column":4},"end":{"line":180,"column":null}},"67":{"start":{"line":170,"column":6},"end":{"line":178,"column":null}},"68":{"start":{"line":170,"column":50},"end":{"line":178,"column":7}},"69":{"start":{"line":179,"column":6},"end":{"line":179,"column":null}},"70":{"start":{"line":182,"column":17},"end":{"line":182,"column":null}},"71":{"start":{"line":183,"column":33},"end":{"line":187,"column":null}},"72":{"start":{"line":188,"column":4},"end":{"line":188,"column":null}},"73":{"start":{"line":188,"column":48},"end":{"line":188,"column":66}},"74":{"start":{"line":190,"column":10},"end":{"line":190,"column":null}},"75":{"start":{"line":191,"column":21},"end":{"line":191,"column":null}},"76":{"start":{"line":192,"column":22},"end":{"line":192,"column":null}},"77":{"start":{"line":193,"column":19},"end":{"line":193,"column":null}},"78":{"start":{"line":194,"column":18},"end":{"line":194,"column":null}},"79":{"start":{"line":196,"column":4},"end":{"line":348,"column":null}},"80":{"start":{"line":197,"column":23},"end":{"line":205,"column":null}},"81":{"start":{"line":207,"column":6},"end":{"line":213,"column":null}},"82":{"start":{"line":208,"column":24},"end":{"line":208,"column":null}},"83":{"start":{"line":208,"column":58},"end":{"line":208,"column":64}},"84":{"start":{"line":209,"column":8},"end":{"line":209,"column":null}},"85":{"start":{"line":209,"column":55},"end":{"line":209,"column":null}},"86":{"start":{"line":210,"column":8},"end":{"line":210,"column":null}},"87":{"start":{"line":211,"column":8},"end":{"line":211,"column":null}},"88":{"start":{"line":212,"column":8},"end":{"line":212,"column":null}},"89":{"start":{"line":215,"column":21},"end":{"line":215,"column":null}},"90":{"start":{"line":216,"column":6},"end":{"line":221,"column":null}},"91":{"start":{"line":217,"column":8},"end":{"line":217,"column":null}},"92":{"start":{"line":217,"column":55},"end":{"line":217,"column":null}},"93":{"start":{"line":218,"column":8},"end":{"line":218,"column":null}},"94":{"start":{"line":219,"column":8},"end":{"line":219,"column":null}},"95":{"start":{"line":220,"column":8},"end":{"line":220,"column":null}},"96":{"start":{"line":223,"column":6},"end":{"line":223,"column":null}},"97":{"start":{"line":225,"column":22},"end":{"line":225,"column":null}},"98":{"start":{"line":226,"column":19},"end":{"line":226,"column":null}},"99":{"start":{"line":228,"column":6},"end":{"line":320,"column":null}},"100":{"start":{"line":229,"column":32},"end":{"line":229,"column":null}},"101":{"start":{"line":230,"column":8},"end":{"line":230,"column":null}},"102":{"start":{"line":230,"column":18},"end":{"line":230,"column":null}},"103":{"start":{"line":231,"column":8},"end":{"line":231,"column":null}},"104":{"start":{"line":231,"column":55},"end":{"line":231,"column":null}},"105":{"start":{"line":232,"column":8},"end":{"line":232,"column":null}},"106":{"start":{"line":234,"column":22},"end":{"line":234,"column":null}},"107":{"start":{"line":235,"column":8},"end":{"line":235,"column":null}},"108":{"start":{"line":237,"column":27},"end":{"line":237,"column":null}},"109":{"start":{"line":238,"column":8},"end":{"line":319,"column":null}},"110":{"start":{"line":239,"column":30},"end":{"line":239,"column":null}},"111":{"start":{"line":240,"column":10},"end":{"line":243,"column":null}},"112":{"start":{"line":241,"column":12},"end":{"line":241,"column":null}},"113":{"start":{"line":242,"column":12},"end":{"line":242,"column":null}},"114":{"start":{"line":244,"column":10},"end":{"line":318,"column":null}},"115":{"start":{"line":245,"column":24},"end":{"line":245,"column":null}},"116":{"start":{"line":246,"column":26},"end":{"line":246,"column":null}},"117":{"start":{"line":248,"column":12},"end":{"line":316,"column":null}},"118":{"start":{"line":250,"column":16},"end":{"line":254,"column":null}},"119":{"start":{"line":255,"column":14},"end":{"line":255,"column":null}},"120":{"start":{"line":256,"column":19},"end":{"line":316,"column":null}},"121":{"start":{"line":257,"column":28},"end":{"line":257,"column":null}},"122":{"start":{"line":262,"column":14},"end":{"line":268,"column":null}},"123":{"start":{"line":269,"column":19},"end":{"line":316,"column":null}},"124":{"start":{"line":271,"column":16},"end":{"line":273,"column":null}},"125":{"start":{"line":274,"column":14},"end":{"line":281,"column":null}},"126":{"start":{"line":275,"column":16},"end":{"line":275,"column":null}},"127":{"start":{"line":276,"column":16},"end":{"line":280,"column":null}},"128":{"start":{"line":282,"column":19},"end":{"line":316,"column":null}},"129":{"start":{"line":283,"column":14},"end":{"line":283,"column":null}},"130":{"start":{"line":285,"column":16},"end":{"line":287,"column":null}},"131":{"start":{"line":288,"column":14},"end":{"line":288,"column":null}},"132":{"start":{"line":289,"column":14},"end":{"line":293,"column":null}},"133":{"start":{"line":294,"column":19},"end":{"line":316,"column":null}},"134":{"start":{"line":295,"column":14},"end":{"line":295,"column":null}},"135":{"start":{"line":296,"column":14},"end":{"line":300,"column":null}},"136":{"start":{"line":301,"column":19},"end":{"line":316,"column":null}},"137":{"start":{"line":302,"column":31},"end":{"line":302,"column":null}},"138":{"start":{"line":308,"column":14},"end":{"line":308,"column":null}},"139":{"start":{"line":309,"column":14},"end":{"line":315,"column":null}},"140":{"start":{"line":317,"column":12},"end":{"line":317,"column":null}},"141":{"start":{"line":322,"column":6},"end":{"line":322,"column":null}},"142":{"start":{"line":322,"column":53},"end":{"line":322,"column":null}},"143":{"start":{"line":324,"column":6},"end":{"line":332,"column":null}},"144":{"start":{"line":325,"column":8},"end":{"line":329,"column":null}},"145":{"start":{"line":330,"column":8},"end":{"line":330,"column":null}},"146":{"start":{"line":331,"column":8},"end":{"line":331,"column":null}},"147":{"start":{"line":334,"column":6},"end":{"line":334,"column":null}},"148":{"start":{"line":336,"column":6},"end":{"line":336,"column":null}},"149":{"start":{"line":336,"column":53},"end":{"line":336,"column":null}},"150":{"start":{"line":337,"column":6},"end":{"line":341,"column":null}},"151":{"start":{"line":338,"column":8},"end":{"line":338,"column":null}},"152":{"start":{"line":339,"column":8},"end":{"line":339,"column":null}},"153":{"start":{"line":340,"column":8},"end":{"line":340,"column":null}},"154":{"start":{"line":342,"column":6},"end":{"line":346,"column":null}},"155":{"start":{"line":347,"column":6},"end":{"line":347,"column":null}},"156":{"start":{"line":351,"column":21},"end":{"line":357,"column":null}},"157":{"start":{"line":352,"column":4},"end":{"line":352,"column":null}},"158":{"start":{"line":352,"column":24},"end":{"line":352,"column":null}},"159":{"start":{"line":353,"column":21},"end":{"line":353,"column":null}},"160":{"start":{"line":354,"column":4},"end":{"line":354,"column":null}},"161":{"start":{"line":354,"column":19},"end":{"line":354,"column":null}},"162":{"start":{"line":355,"column":4},"end":{"line":355,"column":null}},"163":{"start":{"line":356,"column":4},"end":{"line":356,"column":null}},"164":{"start":{"line":359,"column":22},"end":{"line":362,"column":null}},"165":{"start":{"line":360,"column":4},"end":{"line":360,"column":null}},"166":{"start":{"line":360,"column":37},"end":{"line":360,"column":null}},"167":{"start":{"line":361,"column":4},"end":{"line":361,"column":null}},"168":{"start":{"line":364,"column":19},"end":{"line":392,"column":null}},"169":{"start":{"line":365,"column":4},"end":{"line":365,"column":null}},"170":{"start":{"line":365,"column":78},"end":{"line":365,"column":null}},"171":{"start":{"line":366,"column":17},"end":{"line":366,"column":null}},"172":{"start":{"line":367,"column":16},"end":{"line":367,"column":null}},"173":{"start":{"line":367,"column":38},"end":{"line":367,"column":62}},"174":{"start":{"line":368,"column":19},"end":{"line":368,"column":null}},"175":{"start":{"line":369,"column":4},"end":{"line":374,"column":null}},"176":{"start":{"line":369,"column":17},"end":{"line":369,"column":26}},"177":{"start":{"line":370,"column":6},"end":{"line":373,"column":null}},"178":{"start":{"line":371,"column":8},"end":{"line":371,"column":null}},"179":{"start":{"line":372,"column":8},"end":{"line":372,"column":null}},"180":{"start":{"line":375,"column":4},"end":{"line":378,"column":null}},"181":{"start":{"line":376,"column":6},"end":{"line":376,"column":null}},"182":{"start":{"line":377,"column":6},"end":{"line":377,"column":null}},"183":{"start":{"line":379,"column":4},"end":{"line":379,"column":null}},"184":{"start":{"line":380,"column":4},"end":{"line":391,"column":null}},"185":{"start":{"line":381,"column":6},"end":{"line":385,"column":null}},"186":{"start":{"line":386,"column":6},"end":{"line":386,"column":null}},"187":{"start":{"line":388,"column":6},"end":{"line":388,"column":null}},"188":{"start":{"line":390,"column":6},"end":{"line":390,"column":null}},"189":{"start":{"line":394,"column":74},"end":{"line":394,"column":null}},"190":{"start":{"line":396,"column":2},"end":{"line":603,"column":null}},"191":{"start":{"line":408,"column":33},"end":{"line":408,"column":null}},"192":{"start":{"line":418,"column":33},"end":{"line":418,"column":null}},"193":{"start":{"line":421,"column":42},"end":{"line":421,"column":77}},"194":{"start":{"line":464,"column":20},"end":{"line":473,"column":null}},"195":{"start":{"line":469,"column":24},"end":{"line":469,"column":null}},"196":{"start":{"line":469,"column":28},"end":{"line":469,"column":null}},"197":{"start":{"line":479,"column":16},"end":{"line":555,"column":null}},"198":{"start":{"line":537,"column":22},"end":{"line":540,"column":null}},"199":{"start":{"line":548,"column":41},"end":{"line":548,"column":null}},"200":{"start":{"line":585,"column":18},"end":{"line":585,"column":null}},"201":{"start":{"line":585,"column":22},"end":{"line":585,"column":null}}},"fnMap":{"0":{"name":"formatIntent","decl":{"start":{"line":57,"column":9},"end":{"line":57,"column":22}},"loc":{"start":{"line":57,"column":39},"end":{"line":64,"column":null}},"line":57},"1":{"name":"(anonymous_1)","decl":{"start":{"line":62,"column":5},"end":{"line":62,"column":10}},"loc":{"start":{"line":62,"column":19},"end":{"line":62,"column":45}},"line":62},"2":{"name":"useChatSession","decl":{"start":{"line":68,"column":9},"end":{"line":68,"column":24}},"loc":{"start":{"line":68,"column":40},"end":{"line":75,"column":null}},"line":68},"3":{"name":"(anonymous_3)","decl":{"start":{"line":70,"column":9},"end":{"line":70,"column":null}},"loc":{"start":{"line":71,"column":5},"end":{"line":71,"column":null}},"line":71},"4":{"name":"(anonymous_4)","decl":{"start":{"line":71,"column":61},"end":{"line":71,"column":null}},"loc":{"start":{"line":71,"column":61},"end":{"line":72,"column":null}},"line":71},"5":{"name":"(anonymous_5)","decl":{"start":{"line":72,"column":27},"end":{"line":72,"column":null}},"loc":{"start":{"line":72,"column":27},"end":{"line":73,"column":null}},"line":72},"6":{"name":"parseSseData","decl":{"start":{"line":77,"column":9},"end":{"line":77,"column":22}},"loc":{"start":{"line":77,"column":44},"end":{"line":83,"column":null}},"line":77},"7":{"name":"errorText","decl":{"start":{"line":85,"column":9},"end":{"line":85,"column":19}},"loc":{"start":{"line":85,"column":42},"end":{"line":91,"column":null}},"line":85},"8":{"name":"Chat","decl":{"start":{"line":93,"column":24},"end":{"line":93,"column":31}},"loc":{"start":{"line":93,"column":31},"end":{"line":605,"column":null}},"line":93},"9":{"name":"(anonymous_9)","decl":{"start":{"line":108,"column":2},"end":{"line":108,"column":18}},"loc":{"start":{"line":108,"column":18},"end":{"line":112,"column":5}},"line":108},"10":{"name":"(anonymous_10)","decl":{"start":{"line":110,"column":7},"end":{"line":110,"column":13}},"loc":{"start":{"line":110,"column":31},"end":{"line":110,"column":73}},"line":110},"11":{"name":"(anonymous_11)","decl":{"start":{"line":111,"column":7},"end":{"line":111,"column":19}},"loc":{"start":{"line":111,"column":19},"end":{"line":111,"column":39}},"line":111},"12":{"name":"(anonymous_12)","decl":{"start":{"line":114,"column":2},"end":{"line":114,"column":18}},"loc":{"start":{"line":114,"column":18},"end":{"line":140,"column":5}},"line":114},"13":{"name":"(anonymous_13)","decl":{"start":{"line":121,"column":7},"end":{"line":121,"column":13}},"loc":{"start":{"line":121,"column":26},"end":{"line":135,"column":7}},"line":121},"14":{"name":"(anonymous_14)","decl":{"start":{"line":136,"column":7},"end":{"line":136,"column":19}},"loc":{"start":{"line":136,"column":19},"end":{"line":139,"column":7}},"line":136},"15":{"name":"(anonymous_15)","decl":{"start":{"line":142,"column":2},"end":{"line":142,"column":18}},"loc":{"start":{"line":142,"column":18},"end":{"line":144,"column":5}},"line":142},"16":{"name":"(anonymous_16)","decl":{"start":{"line":146,"column":8},"end":{"line":146,"column":33}},"loc":{"start":{"line":146,"column":88},"end":{"line":164,"column":null}},"line":146},"17":{"name":"(anonymous_17)","decl":{"start":{"line":148,"column":23},"end":{"line":148,"column":39}},"loc":{"start":{"line":148,"column":48},"end":{"line":163,"column":5}},"line":148},"18":{"name":"(anonymous_18)","decl":{"start":{"line":149,"column":15},"end":{"line":149,"column":21}},"loc":{"start":{"line":149,"column":27},"end":{"line":149,"column":44}},"line":149},"19":{"name":"(anonymous_19)","decl":{"start":{"line":150,"column":20},"end":{"line":150,"column":25}},"loc":{"start":{"line":150,"column":32},"end":{"line":150,"column":75}},"line":150},"20":{"name":"(anonymous_20)","decl":{"start":{"line":166,"column":20},"end":{"line":166,"column":27}},"loc":{"start":{"line":166,"column":48},"end":{"line":349,"column":null}},"line":166},"21":{"name":"(anonymous_21)","decl":{"start":{"line":170,"column":25},"end":{"line":170,"column":41}},"loc":{"start":{"line":170,"column":50},"end":{"line":178,"column":7}},"line":170},"22":{"name":"(anonymous_22)","decl":{"start":{"line":188,"column":23},"end":{"line":188,"column":39}},"loc":{"start":{"line":188,"column":48},"end":{"line":188,"column":66}},"line":188},"23":{"name":"(anonymous_23)","decl":{"start":{"line":208,"column":46},"end":{"line":208,"column":58}},"loc":{"start":{"line":208,"column":58},"end":{"line":208,"column":64}},"line":208},"24":{"name":"(anonymous_24)","decl":{"start":{"line":351,"column":21},"end":{"line":351,"column":33}},"loc":{"start":{"line":351,"column":33},"end":{"line":357,"column":null}},"line":351},"25":{"name":"(anonymous_25)","decl":{"start":{"line":359,"column":22},"end":{"line":359,"column":34}},"loc":{"start":{"line":359,"column":34},"end":{"line":362,"column":null}},"line":359},"26":{"name":"(anonymous_26)","decl":{"start":{"line":364,"column":19},"end":{"line":364,"column":26}},"loc":{"start":{"line":364,"column":56},"end":{"line":392,"column":null}},"line":364},"27":{"name":"(anonymous_27)","decl":{"start":{"line":367,"column":21},"end":{"line":367,"column":32}},"loc":{"start":{"line":367,"column":38},"end":{"line":367,"column":62}},"line":367},"28":{"name":"(anonymous_28)","decl":{"start":{"line":408,"column":12},"end":{"line":408,"column":23}},"loc":{"start":{"line":408,"column":33},"end":{"line":408,"column":null}},"line":408},"29":{"name":"(anonymous_29)","decl":{"start":{"line":418,"column":12},"end":{"line":418,"column":23}},"loc":{"start":{"line":418,"column":33},"end":{"line":418,"column":null}},"line":418},"30":{"name":"(anonymous_30)","decl":{"start":{"line":421,"column":30},"end":{"line":421,"column":35}},"loc":{"start":{"line":421,"column":42},"end":{"line":421,"column":77}},"line":421},"31":{"name":"(anonymous_31)","decl":{"start":{"line":463,"column":36},"end":{"line":463,"column":41}},"loc":{"start":{"line":464,"column":20},"end":{"line":473,"column":null}},"line":464},"32":{"name":"(anonymous_32)","decl":{"start":{"line":468,"column":22},"end":{"line":468,"column":37}},"loc":{"start":{"line":468,"column":37},"end":{"line":470,"column":null}},"line":468},"33":{"name":"(anonymous_33)","decl":{"start":{"line":478,"column":23},"end":{"line":478,"column":28}},"loc":{"start":{"line":479,"column":16},"end":{"line":555,"column":null}},"line":479},"34":{"name":"(anonymous_34)","decl":{"start":{"line":536,"column":37},"end":{"line":536,"column":42}},"loc":{"start":{"line":537,"column":22},"end":{"line":540,"column":null}},"line":537},"35":{"name":"(anonymous_35)","decl":{"start":{"line":548,"column":26},"end":{"line":548,"column":41}},"loc":{"start":{"line":548,"column":41},"end":{"line":548,"column":null}},"line":548},"36":{"name":"(anonymous_36)","decl":{"start":{"line":584,"column":16},"end":{"line":584,"column":27}},"loc":{"start":{"line":584,"column":33},"end":{"line":586,"column":null}},"line":584}},"branchMap":{"0":{"loc":{"start":{"line":58,"column":2},"end":{"line":58,"column":null}},"type":"if","locations":[{"start":{"line":58,"column":2},"end":{"line":58,"column":null}},{"start":{},"end":{}}],"line":58},"1":{"loc":{"start":{"line":62,"column":19},"end":{"line":62,"column":45}},"type":"binary-expr","locations":[{"start":{"line":62,"column":19},"end":{"line":62,"column":41}},{"start":{"line":62,"column":41},"end":{"line":62,"column":45}}],"line":62},"2":{"loc":{"start":{"line":69,"column":13},"end":{"line":69,"column":null}},"type":"binary-expr","locations":[{"start":{"line":69,"column":13},"end":{"line":69,"column":23}},{"start":{"line":69,"column":23},"end":{"line":69,"column":null}}],"line":69},"3":{"loc":{"start":{"line":86,"column":2},"end":{"line":86,"column":null}},"type":"if","locations":[{"start":{"line":86,"column":2},"end":{"line":86,"column":null}},{"start":{},"end":{}}],"line":86},"4":{"loc":{"start":{"line":87,"column":2},"end":{"line":89,"column":null}},"type":"if","locations":[{"start":{"line":87,"column":2},"end":{"line":89,"column":null}},{"start":{},"end":{}}],"line":87},"5":{"loc":{"start":{"line":87,"column":6},"end":{"line":87,"column":61}},"type":"binary-expr","locations":[{"start":{"line":87,"column":6},"end":{"line":87,"column":14}},{"start":{"line":87,"column":14},"end":{"line":87,"column":42}},{"start":{"line":87,"column":42},"end":{"line":87,"column":61}}],"line":87},"6":{"loc":{"start":{"line":95,"column":33},"end":{"line":95,"column":60}},"type":"binary-expr","locations":[{"start":{"line":95,"column":33},"end":{"line":95,"column":50}},{"start":{"line":95,"column":50},"end":{"line":95,"column":60}}],"line":95},"7":{"loc":{"start":{"line":115,"column":4},"end":{"line":119,"column":null}},"type":"if","locations":[{"start":{"line":115,"column":4},"end":{"line":119,"column":null}},{"start":{},"end":{}}],"line":115},"8":{"loc":{"start":{"line":122,"column":30},"end":{"line":122,"column":50}},"type":"binary-expr","locations":[{"start":{"line":122,"column":30},"end":{"line":122,"column":49}},{"start":{"line":122,"column":49},"end":{"line":122,"column":50}}],"line":122},"9":{"loc":{"start":{"line":123,"column":29},"end":{"line":123,"column":48}},"type":"binary-expr","locations":[{"start":{"line":123,"column":29},"end":{"line":123,"column":47}},{"start":{"line":123,"column":47},"end":{"line":123,"column":48}}],"line":123},"10":{"loc":{"start":{"line":125,"column":29},"end":{"line":125,"column":50}},"type":"binary-expr","locations":[{"start":{"line":125,"column":29},"end":{"line":125,"column":49}},{"start":{"line":125,"column":49},"end":{"line":125,"column":50}}],"line":125},"11":{"loc":{"start":{"line":126,"column":30},"end":{"line":126,"column":58}},"type":"binary-expr","locations":[{"start":{"line":126,"column":30},"end":{"line":126,"column":45}},{"start":{"line":126,"column":45},"end":{"line":126,"column":58}}],"line":126},"12":{"loc":{"start":{"line":127,"column":22},"end":{"line":127,"column":null}},"type":"binary-expr","locations":[{"start":{"line":127,"column":22},"end":{"line":127,"column":45}},{"start":{"line":127,"column":45},"end":{"line":127,"column":59}},{"start":{"line":127,"column":59},"end":{"line":127,"column":72}},{"start":{"line":127,"column":72},"end":{"line":127,"column":null}}],"line":127},"13":{"loc":{"start":{"line":146,"column":51},"end":{"line":146,"column":88}},"type":"default-arg","locations":[{"start":{"line":146,"column":81},"end":{"line":146,"column":88}}],"line":146},"14":{"loc":{"start":{"line":147,"column":4},"end":{"line":147,"column":null}},"type":"if","locations":[{"start":{"line":147,"column":4},"end":{"line":147,"column":null}},{"start":{},"end":{}}],"line":147},"15":{"loc":{"start":{"line":149,"column":6},"end":{"line":151,"column":null}},"type":"if","locations":[{"start":{"line":149,"column":6},"end":{"line":151,"column":null}},{"start":{},"end":{}}],"line":149},"16":{"loc":{"start":{"line":150,"column":32},"end":{"line":150,"column":75}},"type":"cond-expr","locations":[{"start":{"line":150,"column":52},"end":{"line":150,"column":73}},{"start":{"line":150,"column":73},"end":{"line":150,"column":75}}],"line":150},"17":{"loc":{"start":{"line":168,"column":4},"end":{"line":168,"column":null}},"type":"if","locations":[{"start":{"line":168,"column":4},"end":{"line":168,"column":null}},{"start":{},"end":{}}],"line":168},"18":{"loc":{"start":{"line":168,"column":8},"end":{"line":168,"column":55}},"type":"binary-expr","locations":[{"start":{"line":168,"column":8},"end":{"line":168,"column":20}},{"start":{"line":168,"column":20},"end":{"line":168,"column":38}},{"start":{"line":168,"column":38},"end":{"line":168,"column":55}}],"line":168},"19":{"loc":{"start":{"line":169,"column":4},"end":{"line":180,"column":null}},"type":"if","locations":[{"start":{"line":169,"column":4},"end":{"line":180,"column":null}},{"start":{},"end":{}}],"line":169},"20":{"loc":{"start":{"line":201,"column":35},"end":{"line":201,"column":null}},"type":"binary-expr","locations":[{"start":{"line":201,"column":35},"end":{"line":201,"column":44}},{"start":{"line":201,"column":44},"end":{"line":201,"column":null}}],"line":201},"21":{"loc":{"start":{"line":207,"column":6},"end":{"line":213,"column":null}},"type":"if","locations":[{"start":{"line":207,"column":6},"end":{"line":213,"column":null}},{"start":{},"end":{}}],"line":207},"22":{"loc":{"start":{"line":209,"column":8},"end":{"line":209,"column":null}},"type":"if","locations":[{"start":{"line":209,"column":8},"end":{"line":209,"column":null}},{"start":{},"end":{}}],"line":209},"23":{"loc":{"start":{"line":216,"column":6},"end":{"line":221,"column":null}},"type":"if","locations":[{"start":{"line":216,"column":6},"end":{"line":221,"column":null}},{"start":{},"end":{}}],"line":216},"24":{"loc":{"start":{"line":217,"column":8},"end":{"line":217,"column":null}},"type":"if","locations":[{"start":{"line":217,"column":8},"end":{"line":217,"column":null}},{"start":{},"end":{}}],"line":217},"25":{"loc":{"start":{"line":230,"column":8},"end":{"line":230,"column":null}},"type":"if","locations":[{"start":{"line":230,"column":8},"end":{"line":230,"column":null}},{"start":{},"end":{}}],"line":230},"26":{"loc":{"start":{"line":231,"column":8},"end":{"line":231,"column":null}},"type":"if","locations":[{"start":{"line":231,"column":8},"end":{"line":231,"column":null}},{"start":{},"end":{}}],"line":231},"27":{"loc":{"start":{"line":235,"column":17},"end":{"line":235,"column":null}},"type":"binary-expr","locations":[{"start":{"line":235,"column":17},"end":{"line":235,"column":32}},{"start":{"line":235,"column":32},"end":{"line":235,"column":null}}],"line":235},"28":{"loc":{"start":{"line":240,"column":10},"end":{"line":243,"column":null}},"type":"if","locations":[{"start":{"line":240,"column":10},"end":{"line":243,"column":null}},{"start":{},"end":{}}],"line":240},"29":{"loc":{"start":{"line":244,"column":10},"end":{"line":318,"column":null}},"type":"if","locations":[{"start":{"line":244,"column":10},"end":{"line":318,"column":null}},{"start":{},"end":{}}],"line":244},"30":{"loc":{"start":{"line":248,"column":12},"end":{"line":316,"column":null}},"type":"if","locations":[{"start":{"line":248,"column":12},"end":{"line":316,"column":null}},{"start":{"line":256,"column":19},"end":{"line":316,"column":null}}],"line":248},"31":{"loc":{"start":{"line":250,"column":16},"end":{"line":254,"column":null}},"type":"cond-expr","locations":[{"start":{"line":251,"column":20},"end":{"line":251,"column":null}},{"start":{"line":252,"column":20},"end":{"line":254,"column":null}}],"line":250},"32":{"loc":{"start":{"line":250,"column":16},"end":{"line":250,"column":null}},"type":"binary-expr","locations":[{"start":{"line":250,"column":16},"end":{"line":250,"column":25}},{"start":{"line":250,"column":25},"end":{"line":250,"column":54}},{"start":{"line":250,"column":54},"end":{"line":250,"column":null}}],"line":250},"33":{"loc":{"start":{"line":252,"column":20},"end":{"line":254,"column":null}},"type":"cond-expr","locations":[{"start":{"line":253,"column":22},"end":{"line":253,"column":null}},{"start":{"line":254,"column":22},"end":{"line":254,"column":null}}],"line":252},"34":{"loc":{"start":{"line":256,"column":19},"end":{"line":316,"column":null}},"type":"if","locations":[{"start":{"line":256,"column":19},"end":{"line":316,"column":null}},{"start":{"line":269,"column":19},"end":{"line":316,"column":null}}],"line":256},"35":{"loc":{"start":{"line":257,"column":28},"end":{"line":257,"column":null}},"type":"cond-expr","locations":[{"start":{"line":257,"column":65},"end":{"line":257,"column":73}},{"start":{"line":257,"column":73},"end":{"line":257,"column":null}}],"line":257},"36":{"loc":{"start":{"line":257,"column":28},"end":{"line":257,"column":65}},"type":"binary-expr","locations":[{"start":{"line":257,"column":28},"end":{"line":257,"column":37}},{"start":{"line":257,"column":37},"end":{"line":257,"column":65}}],"line":257},"37":{"loc":{"start":{"line":269,"column":19},"end":{"line":316,"column":null}},"type":"if","locations":[{"start":{"line":269,"column":19},"end":{"line":316,"column":null}},{"start":{"line":282,"column":19},"end":{"line":316,"column":null}}],"line":269},"38":{"loc":{"start":{"line":271,"column":16},"end":{"line":273,"column":null}},"type":"cond-expr","locations":[{"start":{"line":272,"column":20},"end":{"line":272,"column":null}},{"start":{"line":273,"column":20},"end":{"line":273,"column":null}}],"line":271},"39":{"loc":{"start":{"line":271,"column":16},"end":{"line":271,"column":null}},"type":"binary-expr","locations":[{"start":{"line":271,"column":16},"end":{"line":271,"column":25}},{"start":{"line":271,"column":25},"end":{"line":271,"column":54}},{"start":{"line":271,"column":54},"end":{"line":271,"column":null}}],"line":271},"40":{"loc":{"start":{"line":274,"column":14},"end":{"line":281,"column":null}},"type":"if","locations":[{"start":{"line":274,"column":14},"end":{"line":281,"column":null}},{"start":{},"end":{}}],"line":274},"41":{"loc":{"start":{"line":282,"column":19},"end":{"line":316,"column":null}},"type":"if","locations":[{"start":{"line":282,"column":19},"end":{"line":316,"column":null}},{"start":{"line":294,"column":19},"end":{"line":316,"column":null}}],"line":282},"42":{"loc":{"start":{"line":285,"column":16},"end":{"line":287,"column":null}},"type":"cond-expr","locations":[{"start":{"line":286,"column":20},"end":{"line":286,"column":null}},{"start":{"line":287,"column":20},"end":{"line":287,"column":null}}],"line":285},"43":{"loc":{"start":{"line":285,"column":16},"end":{"line":285,"column":null}},"type":"binary-expr","locations":[{"start":{"line":285,"column":16},"end":{"line":285,"column":25}},{"start":{"line":285,"column":25},"end":{"line":285,"column":54}},{"start":{"line":285,"column":54},"end":{"line":285,"column":null}}],"line":285},"44":{"loc":{"start":{"line":286,"column":28},"end":{"line":286,"column":79}},"type":"binary-expr","locations":[{"start":{"line":286,"column":28},"end":{"line":286,"column":68}},{"start":{"line":286,"column":68},"end":{"line":286,"column":79}}],"line":286},"45":{"loc":{"start":{"line":294,"column":19},"end":{"line":316,"column":null}},"type":"if","locations":[{"start":{"line":294,"column":19},"end":{"line":316,"column":null}},{"start":{"line":301,"column":19},"end":{"line":316,"column":null}}],"line":294},"46":{"loc":{"start":{"line":301,"column":19},"end":{"line":316,"column":null}},"type":"if","locations":[{"start":{"line":301,"column":19},"end":{"line":316,"column":null}},{"start":{},"end":{}}],"line":301},"47":{"loc":{"start":{"line":302,"column":31},"end":{"line":302,"column":null}},"type":"cond-expr","locations":[{"start":{"line":302,"column":68},"end":{"line":302,"column":76}},{"start":{"line":302,"column":76},"end":{"line":302,"column":null}}],"line":302},"48":{"loc":{"start":{"line":302,"column":31},"end":{"line":302,"column":68}},"type":"binary-expr","locations":[{"start":{"line":302,"column":31},"end":{"line":302,"column":40}},{"start":{"line":302,"column":40},"end":{"line":302,"column":68}}],"line":302},"49":{"loc":{"start":{"line":308,"column":28},"end":{"line":308,"column":null}},"type":"binary-expr","locations":[{"start":{"line":308,"column":28},"end":{"line":308,"column":47}},{"start":{"line":308,"column":47},"end":{"line":308,"column":null}}],"line":308},"50":{"loc":{"start":{"line":322,"column":6},"end":{"line":322,"column":null}},"type":"if","locations":[{"start":{"line":322,"column":6},"end":{"line":322,"column":null}},{"start":{},"end":{}}],"line":322},"51":{"loc":{"start":{"line":324,"column":6},"end":{"line":332,"column":null}},"type":"if","locations":[{"start":{"line":324,"column":6},"end":{"line":332,"column":null}},{"start":{},"end":{}}],"line":324},"52":{"loc":{"start":{"line":324,"column":10},"end":{"line":324,"column":49}},"type":"binary-expr","locations":[{"start":{"line":324,"column":10},"end":{"line":324,"column":23}},{"start":{"line":324,"column":23},"end":{"line":324,"column":39}},{"start":{"line":324,"column":39},"end":{"line":324,"column":49}}],"line":324},"53":{"loc":{"start":{"line":334,"column":41},"end":{"line":334,"column":66}},"type":"cond-expr","locations":[{"start":{"line":334,"column":52},"end":{"line":334,"column":62}},{"start":{"line":334,"column":62},"end":{"line":334,"column":66}}],"line":334},"54":{"loc":{"start":{"line":336,"column":6},"end":{"line":336,"column":null}},"type":"if","locations":[{"start":{"line":336,"column":6},"end":{"line":336,"column":null}},{"start":{},"end":{}}],"line":336},"55":{"loc":{"start":{"line":337,"column":6},"end":{"line":341,"column":null}},"type":"if","locations":[{"start":{"line":337,"column":6},"end":{"line":341,"column":null}},{"start":{},"end":{}}],"line":337},"56":{"loc":{"start":{"line":343,"column":17},"end":{"line":343,"column":null}},"type":"cond-expr","locations":[{"start":{"line":343,"column":40},"end":{"line":343,"column":54}},{"start":{"line":343,"column":54},"end":{"line":343,"column":null}}],"line":343},"57":{"loc":{"start":{"line":352,"column":4},"end":{"line":352,"column":null}},"type":"if","locations":[{"start":{"line":352,"column":4},"end":{"line":352,"column":null}},{"start":{},"end":{}}],"line":352},"58":{"loc":{"start":{"line":354,"column":4},"end":{"line":354,"column":null}},"type":"if","locations":[{"start":{"line":354,"column":4},"end":{"line":354,"column":null}},{"start":{},"end":{}}],"line":354},"59":{"loc":{"start":{"line":360,"column":4},"end":{"line":360,"column":null}},"type":"if","locations":[{"start":{"line":360,"column":4},"end":{"line":360,"column":null}},{"start":{},"end":{}}],"line":360},"60":{"loc":{"start":{"line":365,"column":4},"end":{"line":365,"column":null}},"type":"if","locations":[{"start":{"line":365,"column":4},"end":{"line":365,"column":null}},{"start":{},"end":{}}],"line":365},"61":{"loc":{"start":{"line":365,"column":8},"end":{"line":365,"column":78}},"type":"binary-expr","locations":[{"start":{"line":365,"column":8},"end":{"line":365,"column":26}},{"start":{"line":365,"column":26},"end":{"line":365,"column":58}},{"start":{"line":365,"column":58},"end":{"line":365,"column":78}}],"line":365},"62":{"loc":{"start":{"line":370,"column":6},"end":{"line":373,"column":null}},"type":"if","locations":[{"start":{"line":370,"column":6},"end":{"line":373,"column":null}},{"start":{},"end":{}}],"line":370},"63":{"loc":{"start":{"line":375,"column":4},"end":{"line":378,"column":null}},"type":"if","locations":[{"start":{"line":375,"column":4},"end":{"line":378,"column":null}},{"start":{},"end":{}}],"line":375},"64":{"loc":{"start":{"line":388,"column":24},"end":{"line":388,"column":72}},"type":"cond-expr","locations":[{"start":{"line":388,"column":47},"end":{"line":388,"column":61}},{"start":{"line":388,"column":61},"end":{"line":388,"column":72}}],"line":388},"65":{"loc":{"start":{"line":400,"column":8},"end":{"line":402,"column":null}},"type":"cond-expr","locations":[{"start":{"line":401,"column":12},"end":{"line":401,"column":null}},{"start":{"line":402,"column":12},"end":{"line":402,"column":null}}],"line":400},"66":{"loc":{"start":{"line":417,"column":19},"end":{"line":417,"column":null}},"type":"binary-expr","locations":[{"start":{"line":417,"column":19},"end":{"line":417,"column":36}},{"start":{"line":417,"column":36},"end":{"line":417,"column":null}}],"line":417},"67":{"loc":{"start":{"line":427,"column":9},"end":{"line":452,"column":9}},"type":"binary-expr","locations":[{"start":{"line":427,"column":9},"end":{"line":427,"column":null}},{"start":{"line":428,"column":10},"end":{"line":452,"column":9}}],"line":427},"68":{"loc":{"start":{"line":428,"column":10},"end":{"line":452,"column":9}},"type":"cond-expr","locations":[{"start":{"line":429,"column":12},"end":{"line":441,"column":13}},{"start":{"line":441,"column":12},"end":{"line":452,"column":9}}],"line":428},"69":{"loc":{"start":{"line":435,"column":16},"end":{"line":437,"column":null}},"type":"cond-expr","locations":[{"start":{"line":436,"column":20},"end":{"line":436,"column":null}},{"start":{"line":437,"column":20},"end":{"line":437,"column":null}}],"line":435},"70":{"loc":{"start":{"line":457,"column":13},"end":{"line":556,"column":null}},"type":"cond-expr","locations":[{"start":{"line":458,"column":14},"end":{"line":478,"column":23}},{"start":{"line":478,"column":14},"end":{"line":556,"column":null}}],"line":457},"71":{"loc":{"start":{"line":457,"column":13},"end":{"line":457,"column":null}},"type":"binary-expr","locations":[{"start":{"line":457,"column":13},"end":{"line":457,"column":38}},{"start":{"line":457,"column":38},"end":{"line":457,"column":null}}],"line":457},"72":{"loc":{"start":{"line":469,"column":24},"end":{"line":469,"column":null}},"type":"if","locations":[{"start":{"line":469,"column":24},"end":{"line":469,"column":null}},{"start":{},"end":{}}],"line":469},"73":{"loc":{"start":{"line":494,"column":34},"end":{"line":494,"column":null}},"type":"cond-expr","locations":[{"start":{"line":494,"column":57},"end":{"line":494,"column":69}},{"start":{"line":494,"column":69},"end":{"line":494,"column":null}}],"line":494},"74":{"loc":{"start":{"line":494,"column":69},"end":{"line":494,"column":null}},"type":"cond-expr","locations":[{"start":{"line":494,"column":82},"end":{"line":494,"column":94}},{"start":{"line":494,"column":94},"end":{"line":494,"column":null}}],"line":494},"75":{"loc":{"start":{"line":499,"column":29},"end":{"line":499,"column":null}},"type":"cond-expr","locations":[{"start":{"line":499,"column":52},"end":{"line":499,"column":64}},{"start":{"line":499,"column":64},"end":{"line":499,"column":null}}],"line":499},"76":{"loc":{"start":{"line":499,"column":64},"end":{"line":499,"column":null}},"type":"cond-expr","locations":[{"start":{"line":499,"column":77},"end":{"line":499,"column":89}},{"start":{"line":499,"column":89},"end":{"line":499,"column":null}}],"line":499},"77":{"loc":{"start":{"line":502,"column":21},"end":{"line":502,"column":null}},"type":"cond-expr","locations":[{"start":{"line":502,"column":44},"end":{"line":502,"column":64}},{"start":{"line":502,"column":63},"end":{"line":502,"column":null}}],"line":502},"78":{"loc":{"start":{"line":506,"column":36},"end":{"line":506,"column":90}},"type":"cond-expr","locations":[{"start":{"line":506,"column":59},"end":{"line":506,"column":65}},{"start":{"line":506,"column":65},"end":{"line":506,"column":90}}],"line":506},"79":{"loc":{"start":{"line":507,"column":23},"end":{"line":510,"column":null}},"type":"binary-expr","locations":[{"start":{"line":507,"column":23},"end":{"line":507,"column":null}},{"start":{"line":508,"column":24},"end":{"line":510,"column":null}}],"line":507},"80":{"loc":{"start":{"line":509,"column":27},"end":{"line":509,"column":null}},"type":"binary-expr","locations":[{"start":{"line":509,"column":27},"end":{"line":509,"column":72}},{"start":{"line":509,"column":72},"end":{"line":509,"column":null}}],"line":509},"81":{"loc":{"start":{"line":512,"column":23},"end":{"line":515,"column":null}},"type":"binary-expr","locations":[{"start":{"line":512,"column":23},"end":{"line":512,"column":null}},{"start":{"line":513,"column":24},"end":{"line":515,"column":null}}],"line":512},"82":{"loc":{"start":{"line":517,"column":23},"end":{"line":520,"column":null}},"type":"binary-expr","locations":[{"start":{"line":517,"column":23},"end":{"line":517,"column":null}},{"start":{"line":518,"column":24},"end":{"line":520,"column":null}}],"line":517},"83":{"loc":{"start":{"line":522,"column":23},"end":{"line":525,"column":null}},"type":"binary-expr","locations":[{"start":{"line":522,"column":23},"end":{"line":522,"column":null}},{"start":{"line":523,"column":24},"end":{"line":525,"column":null}}],"line":522},"84":{"loc":{"start":{"line":527,"column":23},"end":{"line":530,"column":null}},"type":"binary-expr","locations":[{"start":{"line":527,"column":23},"end":{"line":527,"column":null}},{"start":{"line":528,"column":24},"end":{"line":530,"column":null}}],"line":527},"85":{"loc":{"start":{"line":539,"column":25},"end":{"line":539,"column":null}},"type":"cond-expr","locations":[{"start":{"line":539,"column":34},"end":{"line":539,"column":49}},{"start":{"line":539,"column":49},"end":{"line":539,"column":null}}],"line":539},"86":{"loc":{"start":{"line":542,"column":21},"end":{"line":552,"column":null}},"type":"binary-expr","locations":[{"start":{"line":542,"column":21},"end":{"line":542,"column":50}},{"start":{"line":542,"column":50},"end":{"line":542,"column":65}},{"start":{"line":542,"column":65},"end":{"line":542,"column":84}},{"start":{"line":542,"column":84},"end":{"line":542,"column":null}},{"start":{"line":543,"column":22},"end":{"line":552,"column":null}}],"line":542},"87":{"loc":{"start":{"line":559,"column":13},"end":{"line":565,"column":null}},"type":"binary-expr","locations":[{"start":{"line":559,"column":13},"end":{"line":559,"column":null}},{"start":{"line":560,"column":14},"end":{"line":565,"column":null}}],"line":559},"88":{"loc":{"start":{"line":563,"column":32},"end":{"line":563,"column":88}},"type":"binary-expr","locations":[{"start":{"line":563,"column":32},"end":{"line":563,"column":49}},{"start":{"line":563,"column":49},"end":{"line":563,"column":88}}],"line":563},"89":{"loc":{"start":{"line":571,"column":13},"end":{"line":578,"column":13}},"type":"binary-expr","locations":[{"start":{"line":571,"column":13},"end":{"line":571,"column":35}},{"start":{"line":571,"column":35},"end":{"line":571,"column":null}},{"start":{"line":572,"column":14},"end":{"line":578,"column":13}}],"line":571},"90":{"loc":{"start":{"line":585,"column":18},"end":{"line":585,"column":null}},"type":"if","locations":[{"start":{"line":585,"column":18},"end":{"line":585,"column":null}},{"start":{},"end":{}}],"line":585},"91":{"loc":{"start":{"line":595,"column":26},"end":{"line":595,"column":null}},"type":"binary-expr","locations":[{"start":{"line":595,"column":26},"end":{"line":595,"column":37}},{"start":{"line":595,"column":37},"end":{"line":595,"column":55}},{"start":{"line":595,"column":55},"end":{"line":595,"column":null}}],"line":595},"92":{"loc":{"start":{"line":597,"column":17},"end":{"line":597,"column":null}},"type":"cond-expr","locations":[{"start":{"line":597,"column":27},"end":{"line":597,"column":33}},{"start":{"line":597,"column":33},"end":{"line":597,"column":null}}],"line":597}},"s":{"0":1,"1":1,"2":1,"3":1,"4":1,"5":10,"6":0,"7":10,"8":14,"9":1,"10":172,"11":172,"12":172,"13":650,"14":0,"15":21,"16":21,"17":2,"18":3,"19":1,"20":2,"21":1,"22":1,"23":172,"24":172,"25":172,"26":172,"27":172,"28":172,"29":172,"30":172,"31":172,"32":49,"33":49,"34":0,"35":172,"36":49,"37":12,"38":12,"39":12,"40":37,"41":36,"42":36,"43":36,"44":36,"45":36,"46":36,"47":36,"48":36,"49":1,"50":1,"51":172,"52":111,"53":172,"54":36,"55":0,"56":36,"57":36,"58":55,"59":19,"60":38,"61":17,"62":172,"63":19,"64":19,"65":0,"66":19,"67":1,"68":1,"69":1,"70":18,"71":18,"72":18,"73":18,"74":18,"75":18,"76":18,"77":18,"78":18,"79":18,"80":18,"81":15,"82":1,"83":0,"84":1,"85":0,"86":1,"87":1,"88":1,"89":14,"90":19,"91":1,"92":0,"93":1,"94":1,"95":1,"96":13,"97":13,"98":13,"99":13,"100":25,"101":25,"102":13,"103":12,"104":0,"105":12,"106":12,"107":12,"108":25,"109":25,"110":63,"111":63,"112":21,"113":21,"114":42,"115":21,"116":21,"117":21,"118":3,"119":3,"120":18,"121":1,"122":1,"123":17,"124":5,"125":5,"126":4,"127":4,"128":12,"129":7,"130":7,"131":7,"132":7,"133":5,"134":3,"135":3,"136":2,"137":2,"138":2,"139":2,"140":21,"141":13,"142":0,"143":13,"144":2,"145":2,"146":2,"147":11,"148":3,"149":0,"150":3,"151":1,"152":1,"153":1,"154":2,"155":3,"156":172,"157":18,"158":0,"159":18,"160":18,"161":0,"162":18,"163":18,"164":172,"165":1,"166":0,"167":1,"168":172,"169":3,"170":0,"171":3,"172":3,"173":5,"174":3,"175":3,"176":3,"177":2,"178":2,"179":2,"180":3,"181":1,"182":1,"183":2,"184":2,"185":2,"186":1,"187":1,"188":2,"189":172,"190":172,"191":1,"192":1,"193":4,"194":258,"195":2,"196":1,"197":148,"198":6,"199":3,"200":20,"201":20},"f":{"0":10,"1":14,"2":172,"3":172,"4":650,"5":0,"6":21,"7":3,"8":172,"9":49,"10":49,"11":0,"12":49,"13":36,"14":1,"15":111,"16":36,"17":36,"18":55,"19":38,"20":19,"21":1,"22":18,"23":0,"24":18,"25":1,"26":3,"27":5,"28":1,"29":1,"30":4,"31":258,"32":2,"33":148,"34":6,"35":3,"36":20},"b":{"0":[0,10],"1":[14,4],"2":[172,0],"3":[1,2],"4":[1,1],"5":[2,2,2],"6":[172,13],"7":[12,37],"8":[36,1],"9":[36,1],"10":[36,35],"11":[36,0],"12":[36,35,0,0],"13":[36],"14":[0,36],"15":[19,17],"16":[19,19],"17":[0,19],"18":[19,19,19],"19":[1,18],"20":[18,0],"21":[1,14],"22":[0,1],"23":[1,18],"24":[0,1],"25":[13,12],"26":[0,12],"27":[12,0],"28":[21,42],"29":[21,21],"30":[3,18],"31":[1,2],"32":[3,3,2],"33":[1,1],"34":[1,17],"35":[1,0],"36":[1,1],"37":[5,12],"38":[5,0],"39":[5,5,5],"40":[4,1],"41":[7,5],"42":[6,1],"43":[7,7,7],"44":[6,0],"45":[3,2],"46":[2,0],"47":[2,0],"48":[2,2],"49":[2,1],"50":[0,13],"51":[2,11],"52":[13,10,2],"53":[3,8],"54":[0,3],"55":[1,2],"56":[1,1],"57":[0,18],"58":[0,18],"59":[0,1],"60":[0,3],"61":[3,3,3],"62":[2,0],"63":[1,2],"64":[1,0],"65":[1,171],"66":[172,13],"67":[172,159],"68":[121,38],"69":[121,0],"70":[86,86],"71":[172,86],"72":[1,1],"73":[81,67],"74":[17,50],"75":[81,67],"76":[17,50],"77":[81,67],"78":[81,67],"79":[148,8],"80":[8,2],"81":[148,10],"82":[148,4],"83":[148,17],"84":[148,15],"85":[4,2],"86":[148,67,50,35,32],"87":[172,43],"88":[43,0],"89":[172,11,11],"90":[20,0],"91":[172,129,116],"92":[43,129]},"meta":{"lastBranch":93,"lastFunction":37,"lastStatement":202,"seen":{"s:26:35:26:Infinity":0,"s:28:25:32:Infinity":1,"s:34:18:38:Infinity":2,"s:40:78:44:Infinity":3,"s:46:45:55:Infinity":4,"f:57:9:57:22":0,"b:58:2:58:Infinity:undefined:undefined:undefined:undefined":0,"s:58:2:58:Infinity":5,"s:58:15:58:Infinity":6,"s:59:2:63:Infinity":7,"f:62:5:62:10":1,"s:62:19:62:45":8,"b:62:19:62:41:62:41:62:45":1,"s:66:28:66:Infinity":9,"f:68:9:68:24":2,"s:69:13:69:Infinity":10,"b:69:13:69:23:69:23:69:Infinity":2,"s:70:2:74:Infinity":11,"f:70:9:70:Infinity":3,"s:71:5:71:Infinity":12,"f:71:61:71:Infinity":4,"s:71:61:72:Infinity":13,"f:72:27:72:Infinity":5,"s:72:27:73:Infinity":14,"f:77:9:77:22":6,"s:78:2:82:Infinity":15,"s:79:4:79:Infinity":16,"s:81:4:81:Infinity":17,"f:85:9:85:19":7,"b:86:2:86:Infinity:undefined:undefined:undefined:undefined":3,"s:86:2:86:Infinity":18,"s:86:32:86:Infinity":19,"b:87:2:89:Infinity:undefined:undefined:undefined:undefined":4,"s:87:2:89:Infinity":20,"b:87:6:87:14:87:14:87:42:87:42:87:61":5,"s:88:4:88:Infinity":21,"s:90:2:90:Infinity":22,"f:93:24:93:31":8,"s:94:41:94:Infinity":23,"s:95:18:95:Infinity":24,"b:95:33:95:50:95:50:95:60":6,"s:96:21:96:Infinity":25,"s:97:21:97:Infinity":26,"s:98:25:98:Infinity":27,"s:99:24:104:Infinity":28,"s:105:22:105:Infinity":29,"s:106:8:106:Infinity":30,"s:108:2:112:Infinity":31,"f:108:2:108:18":9,"s:109:4:111:Infinity":32,"f:110:7:110:13":10,"s:110:31:110:73":33,"f:111:7:111:19":11,"s:111:19:111:39":34,"s:114:2:140:Infinity":35,"f:114:2:114:18":12,"b:115:4:119:Infinity:undefined:undefined:undefined:undefined":7,"s:115:4:119:Infinity":36,"s:116:6:116:Infinity":37,"s:117:6:117:Infinity":38,"s:118:6:118:Infinity":39,"s:120:4:139:Infinity":40,"f:121:7:121:13":13,"s:122:23:122:Infinity":41,"b:122:30:122:49:122:49:122:50":8,"s:123:22:123:Infinity":42,"b:123:29:123:47:123:47:123:48":9,"s:124:23:124:Infinity":43,"s:125:22:125:Infinity":44,"b:125:29:125:49:125:49:125:50":10,"s:126:23:126:Infinity":45,"b:126:30:126:45:126:45:126:58":11,"s:127:22:127:Infinity":46,"b:127:22:127:45:127:45:127:59:127:59:127:72:127:72:127:Infinity":12,"s:128:8:128:Infinity":47,"s:129:8:134:Infinity":48,"f:136:7:136:19":14,"s:137:8:137:Infinity":49,"s:138:8:138:Infinity":50,"s:142:2:144:Infinity":51,"f:142:2:142:18":15,"s:143:4:143:Infinity":52,"s:146:8:164:Infinity":53,"f:146:8:146:33":16,"b:146:81:146:88":13,"b:147:4:147:Infinity:undefined:undefined:undefined:undefined":14,"s:147:4:147:Infinity":54,"s:147:24:147:Infinity":55,"s:148:4:163:Infinity":56,"f:148:23:148:39":17,"b:149:6:151:Infinity:undefined:undefined:undefined:undefined":15,"s:149:6:151:Infinity":57,"f:149:15:149:21":18,"s:149:27:149:44":58,"s:150:8:150:Infinity":59,"f:150:20:150:25":19,"s:150:32:150:75":60,"b:150:52:150:73:150:73:150:75":16,"s:152:6:162:Infinity":61,"s:166:20:349:Infinity":62,"f:166:20:166:27":20,"s:167:20:167:Infinity":63,"b:168:4:168:Infinity:undefined:undefined:undefined:undefined":17,"s:168:4:168:Infinity":64,"b:168:8:168:20:168:20:168:38:168:38:168:55":18,"s:168:55:168:Infinity":65,"b:169:4:180:Infinity:undefined:undefined:undefined:undefined":19,"s:169:4:180:Infinity":66,"s:170:6:178:Infinity":67,"f:170:25:170:41":21,"s:170:50:178:7":68,"s:179:6:179:Infinity":69,"s:182:17:182:Infinity":70,"s:183:33:187:Infinity":71,"s:188:4:188:Infinity":72,"f:188:23:188:39":22,"s:188:48:188:66":73,"s:190:10:190:Infinity":74,"s:191:21:191:Infinity":75,"s:192:22:192:Infinity":76,"s:193:19:193:Infinity":77,"s:194:18:194:Infinity":78,"s:196:4:348:Infinity":79,"s:197:23:205:Infinity":80,"b:201:35:201:44:201:44:201:Infinity":20,"b:207:6:213:Infinity:undefined:undefined:undefined:undefined":21,"s:207:6:213:Infinity":81,"s:208:24:208:Infinity":82,"f:208:46:208:58":23,"s:208:58:208:64":83,"b:209:8:209:Infinity:undefined:undefined:undefined:undefined":22,"s:209:8:209:Infinity":84,"s:209:55:209:Infinity":85,"s:210:8:210:Infinity":86,"s:211:8:211:Infinity":87,"s:212:8:212:Infinity":88,"s:215:21:215:Infinity":89,"b:216:6:221:Infinity:undefined:undefined:undefined:undefined":23,"s:216:6:221:Infinity":90,"b:217:8:217:Infinity:undefined:undefined:undefined:undefined":24,"s:217:8:217:Infinity":91,"s:217:55:217:Infinity":92,"s:218:8:218:Infinity":93,"s:219:8:219:Infinity":94,"s:220:8:220:Infinity":95,"s:223:6:223:Infinity":96,"s:225:22:225:Infinity":97,"s:226:19:226:Infinity":98,"s:228:6:320:Infinity":99,"s:229:32:229:Infinity":100,"b:230:8:230:Infinity:undefined:undefined:undefined:undefined":25,"s:230:8:230:Infinity":101,"s:230:18:230:Infinity":102,"b:231:8:231:Infinity:undefined:undefined:undefined:undefined":26,"s:231:8:231:Infinity":103,"s:231:55:231:Infinity":104,"s:232:8:232:Infinity":105,"s:234:22:234:Infinity":106,"s:235:8:235:Infinity":107,"b:235:17:235:32:235:32:235:Infinity":27,"s:237:27:237:Infinity":108,"s:238:8:319:Infinity":109,"s:239:30:239:Infinity":110,"b:240:10:243:Infinity:undefined:undefined:undefined:undefined":28,"s:240:10:243:Infinity":111,"s:241:12:241:Infinity":112,"s:242:12:242:Infinity":113,"b:244:10:318:Infinity:undefined:undefined:undefined:undefined":29,"s:244:10:318:Infinity":114,"s:245:24:245:Infinity":115,"s:246:26:246:Infinity":116,"b:248:12:316:Infinity:256:19:316:Infinity":30,"s:248:12:316:Infinity":117,"s:250:16:254:Infinity":118,"b:251:20:251:Infinity:252:20:254:Infinity":31,"b:250:16:250:25:250:25:250:54:250:54:250:Infinity":32,"b:253:22:253:Infinity:254:22:254:Infinity":33,"s:255:14:255:Infinity":119,"b:256:19:316:Infinity:269:19:316:Infinity":34,"s:256:19:316:Infinity":120,"s:257:28:257:Infinity":121,"b:257:65:257:73:257:73:257:Infinity":35,"b:257:28:257:37:257:37:257:65":36,"s:262:14:268:Infinity":122,"b:269:19:316:Infinity:282:19:316:Infinity":37,"s:269:19:316:Infinity":123,"s:271:16:273:Infinity":124,"b:272:20:272:Infinity:273:20:273:Infinity":38,"b:271:16:271:25:271:25:271:54:271:54:271:Infinity":39,"b:274:14:281:Infinity:undefined:undefined:undefined:undefined":40,"s:274:14:281:Infinity":125,"s:275:16:275:Infinity":126,"s:276:16:280:Infinity":127,"b:282:19:316:Infinity:294:19:316:Infinity":41,"s:282:19:316:Infinity":128,"s:283:14:283:Infinity":129,"s:285:16:287:Infinity":130,"b:286:20:286:Infinity:287:20:287:Infinity":42,"b:285:16:285:25:285:25:285:54:285:54:285:Infinity":43,"b:286:28:286:68:286:68:286:79":44,"s:288:14:288:Infinity":131,"s:289:14:293:Infinity":132,"b:294:19:316:Infinity:301:19:316:Infinity":45,"s:294:19:316:Infinity":133,"s:295:14:295:Infinity":134,"s:296:14:300:Infinity":135,"b:301:19:316:Infinity:undefined:undefined:undefined:undefined":46,"s:301:19:316:Infinity":136,"s:302:31:302:Infinity":137,"b:302:68:302:76:302:76:302:Infinity":47,"b:302:31:302:40:302:40:302:68":48,"s:308:14:308:Infinity":138,"b:308:28:308:47:308:47:308:Infinity":49,"s:309:14:315:Infinity":139,"s:317:12:317:Infinity":140,"b:322:6:322:Infinity:undefined:undefined:undefined:undefined":50,"s:322:6:322:Infinity":141,"s:322:53:322:Infinity":142,"b:324:6:332:Infinity:undefined:undefined:undefined:undefined":51,"s:324:6:332:Infinity":143,"b:324:10:324:23:324:23:324:39:324:39:324:49":52,"s:325:8:329:Infinity":144,"s:330:8:330:Infinity":145,"s:331:8:331:Infinity":146,"s:334:6:334:Infinity":147,"b:334:52:334:62:334:62:334:66":53,"b:336:6:336:Infinity:undefined:undefined:undefined:undefined":54,"s:336:6:336:Infinity":148,"s:336:53:336:Infinity":149,"b:337:6:341:Infinity:undefined:undefined:undefined:undefined":55,"s:337:6:341:Infinity":150,"s:338:8:338:Infinity":151,"s:339:8:339:Infinity":152,"s:340:8:340:Infinity":153,"s:342:6:346:Infinity":154,"b:343:40:343:54:343:54:343:Infinity":56,"s:347:6:347:Infinity":155,"s:351:21:357:Infinity":156,"f:351:21:351:33":24,"b:352:4:352:Infinity:undefined:undefined:undefined:undefined":57,"s:352:4:352:Infinity":157,"s:352:24:352:Infinity":158,"s:353:21:353:Infinity":159,"b:354:4:354:Infinity:undefined:undefined:undefined:undefined":58,"s:354:4:354:Infinity":160,"s:354:19:354:Infinity":161,"s:355:4:355:Infinity":162,"s:356:4:356:Infinity":163,"s:359:22:362:Infinity":164,"f:359:22:359:34":25,"b:360:4:360:Infinity:undefined:undefined:undefined:undefined":59,"s:360:4:360:Infinity":165,"s:360:37:360:Infinity":166,"s:361:4:361:Infinity":167,"s:364:19:392:Infinity":168,"f:364:19:364:26":26,"b:365:4:365:Infinity:undefined:undefined:undefined:undefined":60,"s:365:4:365:Infinity":169,"b:365:8:365:26:365:26:365:58:365:58:365:78":61,"s:365:78:365:Infinity":170,"s:366:17:366:Infinity":171,"s:367:16:367:Infinity":172,"f:367:21:367:32":27,"s:367:38:367:62":173,"s:368:19:368:Infinity":174,"s:369:4:374:Infinity":175,"s:369:17:369:26":176,"b:370:6:373:Infinity:undefined:undefined:undefined:undefined":62,"s:370:6:373:Infinity":177,"s:371:8:371:Infinity":178,"s:372:8:372:Infinity":179,"b:375:4:378:Infinity:undefined:undefined:undefined:undefined":63,"s:375:4:378:Infinity":180,"s:376:6:376:Infinity":181,"s:377:6:377:Infinity":182,"s:379:4:379:Infinity":183,"s:380:4:391:Infinity":184,"s:381:6:385:Infinity":185,"s:386:6:386:Infinity":186,"s:388:6:388:Infinity":187,"b:388:47:388:61:388:61:388:72":64,"s:390:6:390:Infinity":188,"s:394:74:394:Infinity":189,"s:396:2:603:Infinity":190,"b:401:12:401:Infinity:402:12:402:Infinity":65,"f:408:12:408:23":28,"s:408:33:408:Infinity":191,"b:417:19:417:36:417:36:417:Infinity":66,"f:418:12:418:23":29,"s:418:33:418:Infinity":192,"f:421:30:421:35":30,"s:421:42:421:77":193,"b:427:9:427:Infinity:428:10:452:9":67,"b:429:12:441:13:441:12:452:9":68,"b:436:20:436:Infinity:437:20:437:Infinity":69,"b:458:14:478:23:478:14:556:Infinity":70,"b:457:13:457:38:457:38:457:Infinity":71,"f:463:36:463:41":31,"s:464:20:473:Infinity":194,"f:468:22:468:37":32,"b:469:24:469:Infinity:undefined:undefined:undefined:undefined":72,"s:469:24:469:Infinity":195,"s:469:28:469:Infinity":196,"f:478:23:478:28":33,"s:479:16:555:Infinity":197,"b:494:57:494:69:494:69:494:Infinity":73,"b:494:82:494:94:494:94:494:Infinity":74,"b:499:52:499:64:499:64:499:Infinity":75,"b:499:77:499:89:499:89:499:Infinity":76,"b:502:44:502:64:502:63:502:Infinity":77,"b:506:59:506:65:506:65:506:90":78,"b:507:23:507:Infinity:508:24:510:Infinity":79,"b:509:27:509:72:509:72:509:Infinity":80,"b:512:23:512:Infinity:513:24:515:Infinity":81,"b:517:23:517:Infinity:518:24:520:Infinity":82,"b:522:23:522:Infinity:523:24:525:Infinity":83,"b:527:23:527:Infinity:528:24:530:Infinity":84,"f:536:37:536:42":34,"s:537:22:540:Infinity":198,"b:539:34:539:49:539:49:539:Infinity":85,"b:542:21:542:50:542:50:542:65:542:65:542:84:542:84:542:Infinity:543:22:552:Infinity":86,"f:548:26:548:41":35,"s:548:41:548:Infinity":199,"b:559:13:559:Infinity:560:14:565:Infinity":87,"b:563:32:563:49:563:49:563:88":88,"b:571:13:571:35:571:35:571:Infinity:572:14:578:13":89,"f:584:16:584:27":36,"b:585:18:585:Infinity:undefined:undefined:undefined:undefined":90,"s:585:18:585:Infinity":200,"s:585:22:585:Infinity":201,"b:595:26:595:37:595:37:595:55:595:55:595:Infinity":91,"b:597:27:597:33:597:33:597:Infinity":92},"fnNames":{}}}
,"C:\\Users\\ASUS\\Projects\\SEProject26-7\\frontend\\src\\pages\\Login.tsx": {"path":"C:\\Users\\ASUS\\Projects\\SEProject26-7\\frontend\\src\\pages\\Login.tsx","statementMap":{"0":{"start":{"line":8,"column":9},"end":{"line":8,"column":null}},"1":{"start":{"line":9,"column":16},"end":{"line":9,"column":null}},"2":{"start":{"line":11,"column":2},"end":{"line":13,"column":null}},"3":{"start":{"line":12,"column":4},"end":{"line":12,"column":null}},"4":{"start":{"line":15,"column":2},"end":{"line":56,"column":null}}},"fnMap":{"0":{"name":"Login","decl":{"start":{"line":7,"column":24},"end":{"line":7,"column":32}},"loc":{"start":{"line":7,"column":32},"end":{"line":58,"column":null}},"line":7}},"branchMap":{"0":{"loc":{"start":{"line":11,"column":2},"end":{"line":13,"column":null}},"type":"if","locations":[{"start":{"line":11,"column":2},"end":{"line":13,"column":null}},{"start":{},"end":{}}],"line":11},"1":{"loc":{"start":{"line":34,"column":11},"end":{"line":35,"column":null}},"type":"binary-expr","locations":[{"start":{"line":34,"column":11},"end":{"line":34,"column":null}},{"start":{"line":35,"column":12},"end":{"line":35,"column":null}}],"line":34}},"s":{"0":16,"1":16,"2":16,"3":3,"4":13},"f":{"0":16},"b":{"0":[3,13],"1":[13,2]},"meta":{"lastBranch":2,"lastFunction":1,"lastStatement":5,"seen":{"f:7:24:7:32":0,"s:8:9:8:Infinity":0,"s:9:16:9:Infinity":1,"b:11:2:13:Infinity:undefined:undefined:undefined:undefined":0,"s:11:2:13:Infinity":2,"s:12:4:12:Infinity":3,"s:15:2:56:Infinity":4,"b:34:11:34:Infinity:35:12:35:Infinity":1},"fnNames":{}}}
,"C:\\Users\\ASUS\\Projects\\SEProject26-7\\frontend\\src\\pages\\OAuthSuccess.tsx": {"path":"C:\\Users\\ASUS\\Projects\\SEProject26-7\\frontend\\src\\pages\\OAuthSuccess.tsx","statementMap":{"0":{"start":{"line":7,"column":9},"end":{"line":7,"column":null}},"1":{"start":{"line":8,"column":8},"end":{"line":8,"column":null}},"2":{"start":{"line":10,"column":2},"end":{"line":21,"column":null}},"3":{"start":{"line":11,"column":18},"end":{"line":11,"column":null}},"4":{"start":{"line":12,"column":21},"end":{"line":12,"column":null}},"5":{"start":{"line":14,"column":4},"end":{"line":18,"column":null}},"6":{"start":{"line":15,"column":6},"end":{"line":15,"column":null}},"7":{"start":{"line":16,"column":6},"end":{"line":16,"column":null}},"8":{"start":{"line":17,"column":6},"end":{"line":17,"column":null}},"9":{"start":{"line":20,"column":4},"end":{"line":20,"column":null}},"10":{"start":{"line":23,"column":2},"end":{"line":29,"column":null}}},"fnMap":{"0":{"name":"OAuthSuccess","decl":{"start":{"line":6,"column":24},"end":{"line":6,"column":39}},"loc":{"start":{"line":6,"column":39},"end":{"line":31,"column":null}},"line":6},"1":{"name":"(anonymous_1)","decl":{"start":{"line":10,"column":2},"end":{"line":10,"column":18}},"loc":{"start":{"line":10,"column":18},"end":{"line":21,"column":5}},"line":10}},"branchMap":{"0":{"loc":{"start":{"line":14,"column":4},"end":{"line":18,"column":null}},"type":"if","locations":[{"start":{"line":14,"column":4},"end":{"line":18,"column":null}},{"start":{},"end":{}}],"line":14},"1":{"loc":{"start":{"line":14,"column":8},"end":{"line":14,"column":27}},"type":"binary-expr","locations":[{"start":{"line":14,"column":8},"end":{"line":14,"column":17}},{"start":{"line":14,"column":17},"end":{"line":14,"column":27}}],"line":14}},"s":{"0":3,"1":3,"2":3,"3":3,"4":3,"5":3,"6":2,"7":2,"8":2,"9":1,"10":3},"f":{"0":3,"1":3},"b":{"0":[2,1],"1":[3,2]},"meta":{"lastBranch":2,"lastFunction":2,"lastStatement":11,"seen":{"f:6:24:6:39":0,"s:7:9:7:Infinity":0,"s:8:8:8:Infinity":1,"s:10:2:21:Infinity":2,"f:10:2:10:18":1,"s:11:18:11:Infinity":3,"s:12:21:12:Infinity":4,"b:14:4:18:Infinity:undefined:undefined:undefined:undefined":0,"s:14:4:18:Infinity":5,"b:14:8:14:17:14:17:14:27":1,"s:15:6:15:Infinity":6,"s:16:6:16:Infinity":7,"s:17:6:17:Infinity":8,"s:20:4:20:Infinity":9,"s:23:2:29:Infinity":10},"fnNames":{}}}
,"C:\\Users\\ASUS\\Projects\\SEProject26-7\\frontend\\src\\pages\\RepoList.tsx": {"path":"C:\\Users\\ASUS\\Projects\\SEProject26-7\\frontend\\src\\pages\\RepoList.tsx","statementMap":{"0":{"start":{"line":9,"column":35},"end":{"line":9,"column":null}},"1":{"start":{"line":11,"column":69},"end":{"line":15,"column":null}},"2":{"start":{"line":18,"column":8},"end":{"line":18,"column":null}},"3":{"start":{"line":19,"column":59},"end":{"line":19,"column":null}},"4":{"start":{"line":20,"column":16},"end":{"line":20,"column":null}},"5":{"start":{"line":21,"column":18},"end":{"line":21,"column":null}},"6":{"start":{"line":23,"column":8},"end":{"line":30,"column":null}},"7":{"start":{"line":24,"column":4},"end":{"line":24,"column":null}},"8":{"start":{"line":25,"column":4},"end":{"line":29,"column":null}},"9":{"start":{"line":26,"column":6},"end":{"line":26,"column":null}},"10":{"start":{"line":28,"column":6},"end":{"line":28,"column":null}},"11":{"start":{"line":32,"column":8},"end":{"line":43,"column":null}},"12":{"start":{"line":33,"column":4},"end":{"line":42,"column":null}},"13":{"start":{"line":35,"column":8},"end":{"line":35,"column":null}},"14":{"start":{"line":37,"column":8},"end":{"line":37,"column":null}},"15":{"start":{"line":39,"column":8},"end":{"line":39,"column":null}},"16":{"start":{"line":41,"column":8},"end":{"line":41,"column":null}},"17":{"start":{"line":45,"column":2},"end":{"line":177,"column":null}},"18":{"start":{"line":70,"column":12},"end":{"line":173,"column":null}},"19":{"start":{"line":89,"column":37},"end":{"line":89,"column":null}},"20":{"start":{"line":153,"column":35},"end":{"line":153,"column":null}}},"fnMap":{"0":{"name":"RepoList","decl":{"start":{"line":17,"column":24},"end":{"line":17,"column":35}},"loc":{"start":{"line":17,"column":35},"end":{"line":179,"column":null}},"line":17},"1":{"name":"(anonymous_1)","decl":{"start":{"line":23,"column":32},"end":{"line":23,"column":44}},"loc":{"start":{"line":23,"column":44},"end":{"line":30,"column":5}},"line":23},"2":{"name":"(anonymous_2)","decl":{"start":{"line":32,"column":8},"end":{"line":32,"column":32}},"loc":{"start":{"line":32,"column":59},"end":{"line":43,"column":null}},"line":32},"3":{"name":"(anonymous_3)","decl":{"start":{"line":69,"column":20},"end":{"line":69,"column":25}},"loc":{"start":{"line":70,"column":12},"end":{"line":173,"column":null}},"line":70},"4":{"name":"(anonymous_4)","decl":{"start":{"line":89,"column":22},"end":{"line":89,"column":37}},"loc":{"start":{"line":89,"column":37},"end":{"line":89,"column":null}},"line":89},"5":{"name":"(anonymous_5)","decl":{"start":{"line":153,"column":20},"end":{"line":153,"column":35}},"loc":{"start":{"line":153,"column":35},"end":{"line":153,"column":null}},"line":153}},"branchMap":{"0":{"loc":{"start":{"line":21,"column":18},"end":{"line":21,"column":null}},"type":"binary-expr","locations":[{"start":{"line":21,"column":18},"end":{"line":21,"column":39}},{"start":{"line":21,"column":39},"end":{"line":21,"column":null}}],"line":21},"1":{"loc":{"start":{"line":28,"column":15},"end":{"line":28,"column":60}},"type":"cond-expr","locations":[{"start":{"line":28,"column":38},"end":{"line":28,"column":52}},{"start":{"line":28,"column":52},"end":{"line":28,"column":60}}],"line":28},"2":{"loc":{"start":{"line":33,"column":4},"end":{"line":42,"column":null}},"type":"switch","locations":[{"start":{"line":34,"column":6},"end":{"line":35,"column":null}},{"start":{"line":36,"column":6},"end":{"line":37,"column":null}},{"start":{"line":38,"column":6},"end":{"line":39,"column":null}},{"start":{"line":40,"column":6},"end":{"line":41,"column":null}}],"line":33},"3":{"loc":{"start":{"line":55,"column":7},"end":{"line":57,"column":null}},"type":"binary-expr","locations":[{"start":{"line":55,"column":7},"end":{"line":55,"column":16}},{"start":{"line":55,"column":16},"end":{"line":57,"column":null}}],"line":55},"4":{"loc":{"start":{"line":57,"column":7},"end":{"line":177,"column":null}},"type":"cond-expr","locations":[{"start":{"line":58,"column":8},"end":{"line":62,"column":19}},{"start":{"line":62,"column":10},"end":{"line":177,"column":null}}],"line":57},"5":{"loc":{"start":{"line":62,"column":10},"end":{"line":177,"column":null}},"type":"cond-expr","locations":[{"start":{"line":63,"column":8},"end":{"line":65,"column":null}},{"start":{"line":68,"column":8},"end":{"line":177,"column":null}}],"line":62},"6":{"loc":{"start":{"line":95,"column":29},"end":{"line":95,"column":null}},"type":"binary-expr","locations":[{"start":{"line":95,"column":29},"end":{"line":95,"column":68}},{"start":{"line":95,"column":68},"end":{"line":95,"column":null}}],"line":95},"7":{"loc":{"start":{"line":98,"column":23},"end":{"line":98,"column":null}},"type":"binary-expr","locations":[{"start":{"line":98,"column":23},"end":{"line":98,"column":61}},{"start":{"line":98,"column":61},"end":{"line":98,"column":null}}],"line":98},"8":{"loc":{"start":{"line":101,"column":21},"end":{"line":104,"column":null}},"type":"binary-expr","locations":[{"start":{"line":101,"column":21},"end":{"line":101,"column":null}},{"start":{"line":102,"column":22},"end":{"line":104,"column":null}}],"line":101},"9":{"loc":{"start":{"line":113,"column":21},"end":{"line":113,"column":null}},"type":"binary-expr","locations":[{"start":{"line":113,"column":21},"end":{"line":113,"column":41}},{"start":{"line":113,"column":41},"end":{"line":113,"column":null}}],"line":113},"10":{"loc":{"start":{"line":117,"column":21},"end":{"line":129,"column":null}},"type":"binary-expr","locations":[{"start":{"line":117,"column":21},"end":{"line":117,"column":38}},{"start":{"line":117,"column":38},"end":{"line":117,"column":null}},{"start":{"line":118,"column":22},"end":{"line":129,"column":null}}],"line":117},"11":{"loc":{"start":{"line":142,"column":21},"end":{"line":143,"column":null}},"type":"binary-expr","locations":[{"start":{"line":142,"column":21},"end":{"line":142,"column":null}},{"start":{"line":143,"column":22},"end":{"line":143,"column":null}}],"line":142},"12":{"loc":{"start":{"line":159,"column":19},"end":{"line":171,"column":null}},"type":"binary-expr","locations":[{"start":{"line":159,"column":19},"end":{"line":159,"column":null}},{"start":{"line":160,"column":20},"end":{"line":171,"column":null}}],"line":159}},"s":{"0":1,"1":1,"2":43,"3":43,"4":43,"5":43,"6":43,"7":5,"8":5,"9":5,"10":3,"11":43,"12":66,"13":34,"14":2,"15":29,"16":1,"17":43,"18":66,"19":1,"20":1},"f":{"0":43,"1":5,"2":66,"3":66,"4":1,"5":1},"b":{"0":[43,41],"1":[2,1],"2":[34,2,29,1],"3":[43,6],"4":[4,39],"5":[2,37],"6":[66,1],"7":[66,1],"8":[66,29],"9":[66,1],"10":[66,66,65],"11":[66,65],"12":[66,65]},"meta":{"lastBranch":13,"lastFunction":6,"lastStatement":21,"seen":{"s:9:35:9:Infinity":0,"s:11:69:15:Infinity":1,"f:17:24:17:35":0,"s:18:8:18:Infinity":2,"s:19:59:19:Infinity":3,"s:20:16:20:Infinity":4,"s:21:18:21:Infinity":5,"b:21:18:21:39:21:39:21:Infinity":0,"s:23:8:30:Infinity":6,"f:23:32:23:44":1,"s:24:4:24:Infinity":7,"s:25:4:29:Infinity":8,"s:26:6:26:Infinity":9,"s:28:6:28:Infinity":10,"b:28:38:28:52:28:52:28:60":1,"s:32:8:43:Infinity":11,"f:32:8:32:32":2,"b:34:6:35:Infinity:36:6:37:Infinity:38:6:39:Infinity:40:6:41:Infinity":2,"s:33:4:42:Infinity":12,"s:35:8:35:Infinity":13,"s:37:8:37:Infinity":14,"s:39:8:39:Infinity":15,"s:41:8:41:Infinity":16,"s:45:2:177:Infinity":17,"b:55:7:55:16:55:16:57:Infinity":3,"b:58:8:62:19:62:10:177:Infinity":4,"b:63:8:65:Infinity:68:8:177:Infinity":5,"f:69:20:69:25":3,"s:70:12:173:Infinity":18,"f:89:22:89:37":4,"s:89:37:89:Infinity":19,"b:95:29:95:68:95:68:95:Infinity":6,"b:98:23:98:61:98:61:98:Infinity":7,"b:101:21:101:Infinity:102:22:104:Infinity":8,"b:113:21:113:41:113:41:113:Infinity":9,"b:117:21:117:38:117:38:117:Infinity:118:22:129:Infinity":10,"b:142:21:142:Infinity:143:22:143:Infinity":11,"f:153:20:153:35":5,"s:153:35:153:Infinity":20,"b:159:19:159:Infinity:160:20:171:Infinity":12},"fnNames":{}}}
,"C:\\Users\\ASUS\\Projects\\SEProject26-7\\frontend\\src\\pages\\admin\\AdminLogin.tsx": {"path":"C:\\Users\\ASUS\\Projects\\SEProject26-7\\frontend\\src\\pages\\admin\\AdminLogin.tsx","statementMap":{"0":{"start":{"line":13,"column":16},"end":{"line":13,"column":null}},"1":{"start":{"line":14,"column":18},"end":{"line":14,"column":null}},"2":{"start":{"line":15,"column":8},"end":{"line":15,"column":null}},"3":{"start":{"line":17,"column":2},"end":{"line":19,"column":null}},"4":{"start":{"line":18,"column":4},"end":{"line":18,"column":null}},"5":{"start":{"line":21,"column":19},"end":{"line":37,"column":null}},"6":{"start":{"line":22,"column":4},"end":{"line":22,"column":null}},"7":{"start":{"line":23,"column":4},"end":{"line":23,"column":null}},"8":{"start":{"line":24,"column":4},"end":{"line":36,"column":null}},"9":{"start":{"line":25,"column":21},"end":{"line":25,"column":null}},"10":{"start":{"line":26,"column":6},"end":{"line":29,"column":null}},"11":{"start":{"line":27,"column":8},"end":{"line":27,"column":null}},"12":{"start":{"line":28,"column":8},"end":{"line":28,"column":null}},"13":{"start":{"line":30,"column":6},"end":{"line":33,"column":null}},"14":{"start":{"line":30,"column":44},"end":{"line":30,"column":null}},"15":{"start":{"line":31,"column":11},"end":{"line":33,"column":null}},"16":{"start":{"line":31,"column":43},"end":{"line":31,"column":null}},"17":{"start":{"line":32,"column":11},"end":{"line":33,"column":null}},"18":{"start":{"line":32,"column":56},"end":{"line":32,"column":null}},"19":{"start":{"line":33,"column":11},"end":{"line":33,"column":null}},"20":{"start":{"line":33,"column":44},"end":{"line":33,"column":null}},"21":{"start":{"line":35,"column":6},"end":{"line":35,"column":null}},"22":{"start":{"line":39,"column":2},"end":{"line":90,"column":null}}},"fnMap":{"0":{"name":"AdminLogin","decl":{"start":{"line":12,"column":24},"end":{"line":12,"column":37}},"loc":{"start":{"line":12,"column":37},"end":{"line":92,"column":null}},"line":12},"1":{"name":"(anonymous_1)","decl":{"start":{"line":21,"column":19},"end":{"line":21,"column":26}},"loc":{"start":{"line":21,"column":77},"end":{"line":37,"column":null}},"line":21}},"branchMap":{"0":{"loc":{"start":{"line":17,"column":2},"end":{"line":19,"column":null}},"type":"if","locations":[{"start":{"line":17,"column":2},"end":{"line":19,"column":null}},{"start":{},"end":{}}],"line":17},"1":{"loc":{"start":{"line":26,"column":6},"end":{"line":29,"column":null}},"type":"if","locations":[{"start":{"line":26,"column":6},"end":{"line":29,"column":null}},{"start":{},"end":{}}],"line":26},"2":{"loc":{"start":{"line":30,"column":6},"end":{"line":33,"column":null}},"type":"if","locations":[{"start":{"line":30,"column":6},"end":{"line":33,"column":null}},{"start":{"line":31,"column":11},"end":{"line":33,"column":null}}],"line":30},"3":{"loc":{"start":{"line":31,"column":11},"end":{"line":33,"column":null}},"type":"if","locations":[{"start":{"line":31,"column":11},"end":{"line":33,"column":null}},{"start":{"line":32,"column":11},"end":{"line":33,"column":null}}],"line":31},"4":{"loc":{"start":{"line":32,"column":11},"end":{"line":33,"column":null}},"type":"if","locations":[{"start":{"line":32,"column":11},"end":{"line":33,"column":null}},{"start":{"line":33,"column":11},"end":{"line":33,"column":null}}],"line":32},"5":{"loc":{"start":{"line":33,"column":11},"end":{"line":33,"column":null}},"type":"if","locations":[{"start":{"line":33,"column":11},"end":{"line":33,"column":null}},{"start":{},"end":{}}],"line":33},"6":{"loc":{"start":{"line":51,"column":11},"end":{"line":58,"column":null}},"type":"binary-expr","locations":[{"start":{"line":51,"column":11},"end":{"line":51,"column":null}},{"start":{"line":52,"column":12},"end":{"line":58,"column":null}}],"line":51},"7":{"loc":{"start":{"line":61,"column":11},"end":{"line":61,"column":null}},"type":"binary-expr","locations":[{"start":{"line":61,"column":11},"end":{"line":61,"column":20}},{"start":{"line":61,"column":20},"end":{"line":61,"column":null}}],"line":61},"8":{"loc":{"start":{"line":74,"column":24},"end":{"line":74,"column":null}},"type":"binary-expr","locations":[{"start":{"line":74,"column":24},"end":{"line":74,"column":35}},{"start":{"line":74,"column":35},"end":{"line":74,"column":null}}],"line":74},"9":{"loc":{"start":{"line":76,"column":15},"end":{"line":76,"column":null}},"type":"cond-expr","locations":[{"start":{"line":76,"column":25},"end":{"line":76,"column":34}},{"start":{"line":76,"column":34},"end":{"line":76,"column":null}}],"line":76}},"s":{"0":39,"1":39,"2":39,"3":39,"4":2,"5":37,"6":7,"7":7,"8":7,"9":7,"10":6,"11":1,"12":1,"13":5,"14":1,"15":4,"16":1,"17":3,"18":1,"19":2,"20":1,"21":6,"22":37},"f":{"0":39,"1":7},"b":{"0":[2,37],"1":[1,5],"2":[1,4],"3":[1,3],"4":[1,2],"5":[1,1],"6":[37,6],"7":[39,4],"8":[39,36],"9":[1,36]},"meta":{"lastBranch":10,"lastFunction":2,"lastStatement":23,"seen":{"f:12:24:12:37":0,"s:13:16:13:Infinity":0,"s:14:18:14:Infinity":1,"s:15:8:15:Infinity":2,"b:17:2:19:Infinity:undefined:undefined:undefined:undefined":0,"s:17:2:19:Infinity":3,"s:18:4:18:Infinity":4,"s:21:19:37:Infinity":5,"f:21:19:21:26":1,"s:22:4:22:Infinity":6,"s:23:4:23:Infinity":7,"s:24:4:36:Infinity":8,"s:25:21:25:Infinity":9,"b:26:6:29:Infinity:undefined:undefined:undefined:undefined":1,"s:26:6:29:Infinity":10,"s:27:8:27:Infinity":11,"s:28:8:28:Infinity":12,"b:30:6:33:Infinity:31:11:33:Infinity":2,"s:30:6:33:Infinity":13,"s:30:44:30:Infinity":14,"b:31:11:33:Infinity:32:11:33:Infinity":3,"s:31:11:33:Infinity":15,"s:31:43:31:Infinity":16,"b:32:11:33:Infinity:33:11:33:Infinity":4,"s:32:11:33:Infinity":17,"s:32:56:32:Infinity":18,"b:33:11:33:Infinity:undefined:undefined:undefined:undefined":5,"s:33:11:33:Infinity":19,"s:33:44:33:Infinity":20,"s:35:6:35:Infinity":21,"s:39:2:90:Infinity":22,"b:51:11:51:Infinity:52:12:58:Infinity":6,"b:61:11:61:20:61:20:61:Infinity":7,"b:74:24:74:35:74:35:74:Infinity":8,"b:76:25:76:34:76:34:76:Infinity":9},"fnNames":{}}}
}
