TN:
SF:src\components\layout\PageShell.tsx
FN:10,PageShell
FNF:1
FNH:1
FNDA:89,PageShell
DA:11,89
LF:1
LH:1
BRDA:36,0,0,89
BRDA:36,0,1,89
BRDA:45,1,0,89
BRDA:45,1,1,40
BRF:4
BRH:4
end_of_record
TN:
SF:src\config\BaseConfig.tsx
FNF:0
FNH:0
DA:2,1
DA:5,1
DA:11,1
LF:3
LH:3
BRF:0
BRH:0
end_of_record
TN:
SF:src\pages\Chat.tsx
FN:10,Chat
FN:21,(anonymous_1)
FN:24,(anonymous_2)
FN:32,(anonymous_3)
FN:39,(anonymous_4)
FN:81,(anonymous_5)
FN:91,(anonymous_6)
FN:100,(anonymous_7)
FN:136,(anonymous_8)
FNF:9
FNH:9
FNDA:49,Chat
FNDA:11,(anonymous_1)
FNDA:11,(anonymous_2)
FNDA:2,(anonymous_3)
FNDA:2,(anonymous_4)
FNDA:111,(anonymous_5)
FNDA:2,(anonymous_6)
FNDA:26,(anonymous_7)
FNDA:14,(anonymous_8)
DA:7,1
DA:8,1
DA:11,49
DA:12,49
DA:13,49
DA:15,49
DA:21,49
DA:22,11
DA:23,11
DA:24,11
DA:29,11
DA:32,49
DA:33,2
DA:34,1
DA:35,1
DA:39,49
DA:40,2
DA:43,49
DA:45,49
DA:82,111
DA:91,2
DA:101,26
DA:136,14
LF:23
LH:23
BRDA:22,0,0,0
BRDA:22,0,1,11
BRDA:33,1,0,1
BRDA:33,1,1,1
BRDA:33,2,0,2
BRDA:33,2,1,2
BRDA:51,3,0,49
BRDA:51,3,1,0
BRDA:75,4,0,37
BRDA:75,4,1,12
BRDA:105,5,0,13
BRDA:105,5,1,13
BRDA:113,6,0,13
BRDA:113,6,1,13
BRDA:114,7,0,13
BRDA:114,7,1,13
BRF:16
BRH:14
end_of_record
TN:
SF:src\pages\Login.tsx
FN:7,Login
FNF:1
FNH:1
FNDA:16,Login
DA:8,16
DA:9,16
DA:11,16
DA:12,3
DA:15,13
LF:5
LH:5
BRDA:11,0,0,3
BRDA:11,0,1,13
BRDA:34,1,0,13
BRDA:34,1,1,2
BRF:4
BRH:4
end_of_record
TN:
SF:src\pages\OAuthSuccess.tsx
FN:6,OAuthSuccess
FN:10,(anonymous_1)
FNF:2
FNH:2
FNDA:3,OAuthSuccess
FNDA:3,(anonymous_1)
DA:7,3
DA:8,3
DA:10,3
DA:11,3
DA:12,3
DA:14,3
DA:15,2
DA:16,2
DA:17,2
DA:20,1
DA:23,3
LF:11
LH:11
BRDA:14,0,0,2
BRDA:14,0,1,1
BRDA:14,1,0,3
BRDA:14,1,1,2
BRF:4
BRH:4
end_of_record
TN:
SF:src\pages\RepoList.tsx
FN:17,RepoList
FN:23,(anonymous_1)
FN:32,(anonymous_2)
FN:69,(anonymous_3)
FN:89,(anonymous_4)
FN:153,(anonymous_5)
FNF:6
FNH:6
FNDA:43,RepoList
FNDA:5,(anonymous_1)
FNDA:66,(anonymous_2)
FNDA:66,(anonymous_3)
FNDA:1,(anonymous_4)
FNDA:1,(anonymous_5)
DA:9,1
DA:11,1
DA:18,43
DA:19,43
DA:20,43
DA:21,43
DA:23,43
DA:24,5
DA:25,5
DA:26,5
DA:28,3
DA:32,43
DA:33,66
DA:35,34
DA:37,2
DA:39,29
DA:41,1
DA:45,43
DA:70,66
DA:89,1
DA:153,1
LF:21
LH:21
BRDA:21,0,0,43
BRDA:21,0,1,41
BRDA:28,1,0,2
BRDA:28,1,1,1
BRDA:33,2,0,34
BRDA:33,2,1,2
BRDA:33,2,2,29
BRDA:33,2,3,1
BRDA:55,3,0,43
BRDA:55,3,1,6
BRDA:57,4,0,4
BRDA:57,4,1,39
BRDA:62,5,0,2
BRDA:62,5,1,37
BRDA:95,6,0,66
BRDA:95,6,1,1
BRDA:98,7,0,66
BRDA:98,7,1,1
BRDA:101,8,0,66
BRDA:101,8,1,29
BRDA:113,9,0,66
BRDA:113,9,1,1
BRDA:117,10,0,66
BRDA:117,10,1,66
BRDA:117,10,2,65
BRDA:142,11,0,66
BRDA:142,11,1,65
BRDA:159,12,0,66
BRDA:159,12,1,65
BRF:29
BRH:29
end_of_record
TN:
SF:src\pages\admin\AdminLogin.tsx
FN:12,AdminLogin
FN:21,(anonymous_1)
FNF:2
FNH:2
FNDA:39,AdminLogin
FNDA:7,(anonymous_1)
DA:13,39
DA:14,39
DA:15,39
DA:17,39
DA:18,2
DA:21,37
DA:22,7
DA:23,7
DA:24,7
DA:25,7
DA:26,6
DA:27,1
DA:28,1
DA:30,5
DA:31,4
DA:32,3
DA:33,2
DA:35,6
DA:39,37
LF:19
LH:19
BRDA:17,0,0,2
BRDA:17,0,1,37
BRDA:26,1,0,1
BRDA:26,1,1,5
BRDA:30,2,0,1
BRDA:30,2,1,4
BRDA:31,3,0,1
BRDA:31,3,1,3
BRDA:32,4,0,1
BRDA:32,4,1,2
BRDA:33,5,0,1
BRDA:33,5,1,1
BRDA:51,6,0,37
BRDA:51,6,1,6
BRDA:61,7,0,39
BRDA:61,7,1,4
BRDA:74,8,0,39
BRDA:74,8,1,36
BRDA:76,9,0,1
BRDA:76,9,1,36
BRF:20
BRH:20
end_of_record
