TN:
SF:src\components\layout\PageShell.tsx
FN:10,PageShell
FNF:1
FNH:1
FNDA:212,PageShell
DA:11,212
LF:1
LH:1
BRDA:36,0,0,212
BRDA:36,0,1,212
BRDA:45,1,0,212
BRDA:45,1,1,212
BRF:4
BRH:4
end_of_record
TN:
SF:src\config\BaseConfig.tsx
FNF:0
FNH:0
DA:2,2
DA:5,2
DA:11,2
LF:3
LH:3
BRF:0
BRH:0
end_of_record
TN:
SF:src\lib\chatSessionStore.ts
FN:39,storageKey
FN:43,loadPersisted
FN:49,(anonymous_2)
FN:56,persist
FN:58,(anonymous_4)
FN:65,refreshSnapshot
FN:76,ensure
FN:97,notify
FN:99,(anonymous_8)
FN:102,getOrHydrateSession
FN:120,getChatSession
FN:124,subscribeChatSession
FN:127,(anonymous_12)
FN:132,patchChatSession
FN:145,updateChatMessages
FN:155,beginChatRequest
FN:168,isCurrentChatRequest
FN:172,endChatRequest
FN:181,(anonymous_18)
FN:186,abortChatRequest
FN:192,(anonymous_20)
FN:197,clearChatSession
FNF:22
FNH:22
FNDA:739,storageKey
FNDA:166,loadPersisted
FNDA:1,(anonymous_2)
FNDA:335,persist
FNDA:220,(anonymous_4)
FNDA:662,refreshSnapshot
FNDA:1534,ensure
FNDA:656,notify
FNDA:211,(anonymous_8)
FNDA:671,getOrHydrateSession
FNDA:671,getChatSession
FNDA:174,subscribeChatSession
FNDA:173,(anonymous_12)
FNDA:66,patchChatSession
FNDA:59,updateChatMessages
FNDA:30,beginChatRequest
FNDA:32,isCurrentChatRequest
FNDA:24,endChatRequest
FNDA:37,(anonymous_18)
FNDA:240,abortChatRequest
FNDA:64,(anonymous_20)
FNDA:238,clearChatSession
DA:27,2
DA:28,2
DA:30,2
DA:40,739
DA:44,166
DA:45,166
DA:46,166
DA:47,6
DA:48,6
DA:49,1
DA:52,1
DA:57,335
DA:58,335
DA:59,335
DA:66,662
DA:77,1534
DA:78,1534
DA:79,5
DA:80,5
DA:91,5
DA:92,5
DA:94,1534
DA:98,656
DA:99,656
DA:103,671
DA:104,671
DA:111,163
DA:112,163
DA:113,1
DA:114,1
DA:117,671
DA:121,671
DA:125,174
DA:126,174
DA:127,174
DA:128,173
DA:133,66
DA:134,66
DA:135,13
DA:136,13
DA:138,66
DA:139,66
DA:140,66
DA:141,66
DA:142,66
DA:149,59
DA:150,59
DA:151,59
DA:152,59
DA:156,30
DA:157,30
DA:158,30
DA:159,30
DA:160,30
DA:161,30
DA:162,30
DA:163,30
DA:164,30
DA:165,30
DA:169,32
DA:173,24
DA:174,24
DA:175,23
DA:176,23
DA:177,23
DA:178,23
DA:179,20
DA:181,37
DA:182,23
DA:183,23
DA:187,240
DA:188,240
DA:189,240
DA:190,240
DA:191,240
DA:192,240
DA:193,240
DA:194,240
DA:198,238
DA:199,238
DA:200,238
DA:201,238
DA:202,238
DA:203,238
DA:204,238
DA:205,238
DA:209,238
LF:87
LH:87
BRDA:46,0,0,160
BRDA:46,0,1,6
BRDA:48,1,0,4
BRDA:48,1,1,1
BRDA:78,2,0,5
BRDA:78,2,1,1529
BRDA:79,3,0,2
BRDA:79,3,1,3
BRDA:104,4,0,163
BRDA:104,4,1,508
BRDA:105,5,0,671
BRDA:105,5,1,631
BRDA:105,5,2,293
BRDA:105,5,3,185
BRDA:105,5,4,163
BRDA:112,6,0,1
BRDA:112,6,1,162
BRDA:134,7,0,13
BRDA:134,7,1,53
BRDA:138,8,0,1
BRDA:138,8,1,65
BRDA:139,9,0,4
BRDA:139,9,1,62
BRDA:140,10,0,2
BRDA:140,10,1,64
BRDA:141,11,0,48
BRDA:141,11,1,18
BRDA:174,12,0,1
BRDA:174,12,1,23
BRDA:178,13,0,20
BRDA:178,13,1,3
BRF:31
BRH:31
end_of_record
TN:
SF:src\pages\Chat.tsx
FN:57,formatIntent
FN:62,(anonymous_1)
FN:68,useChatSession
FN:70,(anonymous_3)
FN:71,(anonymous_4)
FN:72,(anonymous_5)
FN:77,parseSseData
FN:85,errorText
FN:93,Chat
FN:108,(anonymous_9)
FN:110,(anonymous_10)
FN:111,(anonymous_11)
FN:114,(anonymous_12)
FN:121,(anonymous_13)
FN:136,(anonymous_14)
FN:142,(anonymous_15)
FN:146,(anonymous_16)
FN:148,(anonymous_17)
FN:149,(anonymous_18)
FN:150,(anonymous_19)
FN:166,(anonymous_20)
FN:170,(anonymous_21)
FN:188,(anonymous_22)
FN:208,(anonymous_23)
FN:351,(anonymous_24)
FN:359,(anonymous_25)
FN:364,(anonymous_26)
FN:367,(anonymous_27)
FN:408,(anonymous_28)
FN:418,(anonymous_29)
FN:421,(anonymous_30)
FN:463,(anonymous_31)
FN:468,(anonymous_32)
FN:478,(anonymous_33)
FN:536,(anonymous_34)
FN:548,(anonymous_35)
FN:584,(anonymous_36)
FNF:37
FNH:34
FNDA:10,formatIntent
FNDA:14,(anonymous_1)
FNDA:172,useChatSession
FNDA:172,(anonymous_3)
FNDA:650,(anonymous_4)
FNDA:0,(anonymous_5)
FNDA:21,parseSseData
FNDA:3,errorText
FNDA:172,Chat
FNDA:49,(anonymous_9)
FNDA:49,(anonymous_10)
FNDA:0,(anonymous_11)
FNDA:49,(anonymous_12)
FNDA:36,(anonymous_13)
FNDA:1,(anonymous_14)
FNDA:111,(anonymous_15)
FNDA:36,(anonymous_16)
FNDA:36,(anonymous_17)
FNDA:55,(anonymous_18)
FNDA:38,(anonymous_19)
FNDA:19,(anonymous_20)
FNDA:1,(anonymous_21)
FNDA:18,(anonymous_22)
FNDA:0,(anonymous_23)
FNDA:18,(anonymous_24)
FNDA:1,(anonymous_25)
FNDA:3,(anonymous_26)
FNDA:5,(anonymous_27)
FNDA:1,(anonymous_28)
FNDA:1,(anonymous_29)
FNDA:4,(anonymous_30)
FNDA:258,(anonymous_31)
FNDA:2,(anonymous_32)
FNDA:148,(anonymous_33)
FNDA:6,(anonymous_34)
FNDA:3,(anonymous_35)
FNDA:20,(anonymous_36)
DA:26,1
DA:28,1
DA:34,1
DA:40,1
DA:46,1
DA:58,10
DA:59,10
DA:62,14
DA:66,1
DA:69,172
DA:70,172
DA:71,650
DA:72,0
DA:78,21
DA:79,21
DA:81,2
DA:86,3
DA:87,2
DA:88,1
DA:90,1
DA:94,172
DA:95,172
DA:96,172
DA:97,172
DA:98,172
DA:99,172
DA:105,172
DA:106,172
DA:108,172
DA:109,49
DA:110,49
DA:111,0
DA:114,172
DA:115,49
DA:116,12
DA:117,12
DA:118,12
DA:120,37
DA:122,36
DA:123,36
DA:124,36
DA:125,36
DA:126,36
DA:127,36
DA:128,36
DA:129,36
DA:137,1
DA:138,1
DA:142,172
DA:143,111
DA:146,172
DA:147,36
DA:148,36
DA:149,55
DA:150,38
DA:152,17
DA:166,172
DA:167,19
DA:168,19
DA:169,19
DA:170,1
DA:179,1
DA:182,18
DA:183,18
DA:188,18
DA:190,18
DA:191,18
DA:192,18
DA:193,18
DA:194,18
DA:196,18
DA:197,18
DA:207,15
DA:208,1
DA:209,1
DA:210,1
DA:211,1
DA:212,1
DA:215,14
DA:216,19
DA:217,1
DA:218,1
DA:219,1
DA:220,1
DA:223,13
DA:225,13
DA:226,13
DA:228,13
DA:229,25
DA:230,25
DA:231,12
DA:232,12
DA:234,12
DA:235,12
DA:237,25
DA:238,25
DA:239,63
DA:240,63
DA:241,21
DA:242,21
DA:244,42
DA:245,21
DA:246,21
DA:248,21
DA:250,3
DA:255,3
DA:256,18
DA:257,1
DA:262,1
DA:269,17
DA:271,5
DA:274,5
DA:275,4
DA:276,4
DA:282,12
DA:283,7
DA:285,7
DA:288,7
DA:289,7
DA:294,5
DA:295,3
DA:296,3
DA:301,2
DA:302,2
DA:308,2
DA:309,2
DA:317,21
DA:322,13
DA:324,13
DA:325,2
DA:330,2
DA:331,2
DA:334,11
DA:336,3
DA:337,3
DA:338,1
DA:339,1
DA:340,1
DA:342,2
DA:347,3
DA:351,172
DA:352,18
DA:353,18
DA:354,18
DA:355,18
DA:356,18
DA:359,172
DA:360,1
DA:361,1
DA:364,172
DA:365,3
DA:366,3
DA:367,5
DA:368,3
DA:369,3
DA:370,2
DA:371,2
DA:372,2
DA:375,3
DA:376,1
DA:377,1
DA:379,2
DA:380,2
DA:381,2
DA:386,1
DA:388,1
DA:390,2
DA:394,172
DA:396,172
DA:408,1
DA:418,1
DA:421,4
DA:464,258
DA:469,2
DA:479,148
DA:537,6
DA:548,3
DA:585,20
LF:178
LH:176
BRDA:58,0,0,0
BRDA:58,0,1,10
BRDA:62,1,0,14
BRDA:62,1,1,4
BRDA:69,2,0,172
BRDA:69,2,1,0
BRDA:86,3,0,1
BRDA:86,3,1,2
BRDA:87,4,0,1
BRDA:87,4,1,1
BRDA:87,5,0,2
BRDA:87,5,1,2
BRDA:87,5,2,2
BRDA:95,6,0,172
BRDA:95,6,1,13
BRDA:115,7,0,12
BRDA:115,7,1,37
BRDA:122,8,0,36
BRDA:122,8,1,1
BRDA:123,9,0,36
BRDA:123,9,1,1
BRDA:125,10,0,36
BRDA:125,10,1,35
BRDA:126,11,0,36
BRDA:126,11,1,0
BRDA:127,12,0,36
BRDA:127,12,1,35
BRDA:127,12,2,0
BRDA:127,12,3,0
BRDA:146,13,0,36
BRDA:147,14,0,0
BRDA:147,14,1,36
BRDA:149,15,0,19
BRDA:149,15,1,17
BRDA:150,16,0,19
BRDA:150,16,1,19
BRDA:168,17,0,0
BRDA:168,17,1,19
BRDA:168,18,0,19
BRDA:168,18,1,19
BRDA:168,18,2,19
BRDA:169,19,0,1
BRDA:169,19,1,18
BRDA:201,20,0,18
BRDA:201,20,1,0
BRDA:207,21,0,1
BRDA:207,21,1,14
BRDA:209,22,0,0
BRDA:209,22,1,1
BRDA:216,23,0,1
BRDA:216,23,1,18
BRDA:217,24,0,0
BRDA:217,24,1,1
BRDA:230,25,0,13
BRDA:230,25,1,12
BRDA:231,26,0,0
BRDA:231,26,1,12
BRDA:235,27,0,12
BRDA:235,27,1,0
BRDA:240,28,0,21
BRDA:240,28,1,42
BRDA:244,29,0,21
BRDA:244,29,1,21
BRDA:248,30,0,3
BRDA:248,30,1,18
BRDA:250,31,0,1
BRDA:250,31,1,2
BRDA:250,32,0,3
BRDA:250,32,1,3
BRDA:250,32,2,2
BRDA:252,33,0,1
BRDA:252,33,1,1
BRDA:256,34,0,1
BRDA:256,34,1,17
BRDA:257,35,0,1
BRDA:257,35,1,0
BRDA:257,36,0,1
BRDA:257,36,1,1
BRDA:269,37,0,5
BRDA:269,37,1,12
BRDA:271,38,0,5
BRDA:271,38,1,0
BRDA:271,39,0,5
BRDA:271,39,1,5
BRDA:271,39,2,5
BRDA:274,40,0,4
BRDA:274,40,1,1
BRDA:282,41,0,7
BRDA:282,41,1,5
BRDA:285,42,0,6
BRDA:285,42,1,1
BRDA:285,43,0,7
BRDA:285,43,1,7
BRDA:285,43,2,7
BRDA:286,44,0,6
BRDA:286,44,1,0
BRDA:294,45,0,3
BRDA:294,45,1,2
BRDA:301,46,0,2
BRDA:301,46,1,0
BRDA:302,47,0,2
BRDA:302,47,1,0
BRDA:302,48,0,2
BRDA:302,48,1,2
BRDA:308,49,0,2
BRDA:308,49,1,1
BRDA:322,50,0,0
BRDA:322,50,1,13
BRDA:324,51,0,2
BRDA:324,51,1,11
BRDA:324,52,0,13
BRDA:324,52,1,10
BRDA:324,52,2,2
BRDA:334,53,0,3
BRDA:334,53,1,8
BRDA:336,54,0,0
BRDA:336,54,1,3
BRDA:337,55,0,1
BRDA:337,55,1,2
BRDA:343,56,0,1
BRDA:343,56,1,1
BRDA:352,57,0,0
BRDA:352,57,1,18
BRDA:354,58,0,0
BRDA:354,58,1,18
BRDA:360,59,0,0
BRDA:360,59,1,1
BRDA:365,60,0,0
BRDA:365,60,1,3
BRDA:365,61,0,3
BRDA:365,61,1,3
BRDA:365,61,2,3
BRDA:370,62,0,2
BRDA:370,62,1,0
BRDA:375,63,0,1
BRDA:375,63,1,2
BRDA:388,64,0,1
BRDA:388,64,1,0
BRDA:400,65,0,1
BRDA:400,65,1,171
BRDA:417,66,0,172
BRDA:417,66,1,13
BRDA:427,67,0,172
BRDA:427,67,1,159
BRDA:428,68,0,121
BRDA:428,68,1,38
BRDA:435,69,0,121
BRDA:435,69,1,0
BRDA:457,70,0,86
BRDA:457,70,1,86
BRDA:457,71,0,172
BRDA:457,71,1,86
BRDA:469,72,0,1
BRDA:469,72,1,1
BRDA:494,73,0,81
BRDA:494,73,1,67
BRDA:494,74,0,17
BRDA:494,74,1,50
BRDA:499,75,0,81
BRDA:499,75,1,67
BRDA:499,76,0,17
BRDA:499,76,1,50
BRDA:502,77,0,81
BRDA:502,77,1,67
BRDA:506,78,0,81
BRDA:506,78,1,67
BRDA:507,79,0,148
BRDA:507,79,1,8
BRDA:509,80,0,8
BRDA:509,80,1,2
BRDA:512,81,0,148
BRDA:512,81,1,10
BRDA:517,82,0,148
BRDA:517,82,1,4
BRDA:522,83,0,148
BRDA:522,83,1,17
BRDA:527,84,0,148
BRDA:527,84,1,15
BRDA:539,85,0,4
BRDA:539,85,1,2
BRDA:542,86,0,148
BRDA:542,86,1,67
BRDA:542,86,2,50
BRDA:542,86,3,35
BRDA:542,86,4,32
BRDA:559,87,0,172
BRDA:559,87,1,43
BRDA:563,88,0,43
BRDA:563,88,1,0
BRDA:571,89,0,172
BRDA:571,89,1,11
BRDA:571,89,2,11
BRDA:585,90,0,20
BRDA:585,90,1,0
BRDA:595,91,0,172
BRDA:595,91,1,129
BRDA:595,91,2,116
BRDA:597,92,0,43
BRDA:597,92,1,129
BRF:199
BRH:171
end_of_record
TN:
SF:src\pages\Login.tsx
FN:7,Login
FNF:1
FNH:1
FNDA:16,Login
DA:8,16
DA:9,16
DA:11,16
DA:12,3
DA:15,13
LF:5
LH:5
BRDA:11,0,0,3
BRDA:11,0,1,13
BRDA:34,1,0,13
BRDA:34,1,1,2
BRF:4
BRH:4
end_of_record
TN:
SF:src\pages\OAuthSuccess.tsx
FN:6,OAuthSuccess
FN:10,(anonymous_1)
FNF:2
FNH:2
FNDA:3,OAuthSuccess
FNDA:3,(anonymous_1)
DA:7,3
DA:8,3
DA:10,3
DA:11,3
DA:12,3
DA:14,3
DA:15,2
DA:16,2
DA:17,2
DA:20,1
DA:23,3
LF:11
LH:11
BRDA:14,0,0,2
BRDA:14,0,1,1
BRDA:14,1,0,3
BRDA:14,1,1,2
BRF:4
BRH:4
end_of_record
TN:
SF:src\pages\RepoList.tsx
FN:17,RepoList
FN:23,(anonymous_1)
FN:32,(anonymous_2)
FN:69,(anonymous_3)
FN:89,(anonymous_4)
FN:153,(anonymous_5)
FNF:6
FNH:6
FNDA:43,RepoList
FNDA:5,(anonymous_1)
FNDA:66,(anonymous_2)
FNDA:66,(anonymous_3)
FNDA:1,(anonymous_4)
FNDA:1,(anonymous_5)
DA:9,1
DA:11,1
DA:18,43
DA:19,43
DA:20,43
DA:21,43
DA:23,43
DA:24,5
DA:25,5
DA:26,5
DA:28,3
DA:32,43
DA:33,66
DA:35,34
DA:37,2
DA:39,29
DA:41,1
DA:45,43
DA:70,66
DA:89,1
DA:153,1
LF:21
LH:21
BRDA:21,0,0,43
BRDA:21,0,1,41
BRDA:28,1,0,2
BRDA:28,1,1,1
BRDA:33,2,0,34
BRDA:33,2,1,2
BRDA:33,2,2,29
BRDA:33,2,3,1
BRDA:55,3,0,43
BRDA:55,3,1,6
BRDA:57,4,0,4
BRDA:57,4,1,39
BRDA:62,5,0,2
BRDA:62,5,1,37
BRDA:95,6,0,66
BRDA:95,6,1,1
BRDA:98,7,0,66
BRDA:98,7,1,1
BRDA:101,8,0,66
BRDA:101,8,1,29
BRDA:113,9,0,66
BRDA:113,9,1,1
BRDA:117,10,0,66
BRDA:117,10,1,66
BRDA:117,10,2,65
BRDA:142,11,0,66
BRDA:142,11,1,65
BRDA:159,12,0,66
BRDA:159,12,1,65
BRF:29
BRH:29
end_of_record
TN:
SF:src\pages\admin\AdminLogin.tsx
FN:12,AdminLogin
FN:21,(anonymous_1)
FNF:2
FNH:2
FNDA:39,AdminLogin
FNDA:7,(anonymous_1)
DA:13,39
DA:14,39
DA:15,39
DA:17,39
DA:18,2
DA:21,37
DA:22,7
DA:23,7
DA:24,7
DA:25,7
DA:26,6
DA:27,1
DA:28,1
DA:30,5
DA:31,4
DA:32,3
DA:33,2
DA:35,6
DA:39,37
LF:19
LH:19
BRDA:17,0,0,2
BRDA:17,0,1,37
BRDA:26,1,0,1
BRDA:26,1,1,5
BRDA:30,2,0,1
BRDA:30,2,1,4
BRDA:31,3,0,1
BRDA:31,3,1,3
BRDA:32,4,0,1
BRDA:32,4,1,2
BRDA:33,5,0,1
BRDA:33,5,1,1
BRDA:51,6,0,37
BRDA:51,6,1,6
BRDA:61,7,0,39
BRDA:61,7,1,4
BRDA:74,8,0,39
BRDA:74,8,1,36
BRDA:76,9,0,1
BRDA:76,9,1,36
BRF:20
BRH:20
end_of_record
